<CoverageSession>
  <Summary numBranchPoints="21" visitedBranchPoints="7" numSequencePoints="28" visitedSequencePoints="11" maxCyclomaticComplexity="5" visitedMethods="7" visitedClasses="2" branchCoverage="33.33" sequenceCoverage="39.29" minCrapScore="1" maxCrapScore="16.76" />
  <Modules>
    <Module hash="Sample4.dll">
      <Summary numBranchPoints="21" visitedBranchPoints="7" numSequencePoints="28" visitedSequencePoints="11" visitedMethods="7" visitedClasses="2" branchCoverage="33.33" sequenceCoverage="39.29" minCrapScore="1" maxCrapScore="16.76" />
      <ModulePath>Sample4.dll</ModulePath>
      <ModuleName>Sample4</ModuleName>
      <Files>
        <File uid="1" fullPath="altcover/Sample4/Tests.fs" altcover.embed="hVTvb9MwEP1eqf/DEb600sg6BAKNdtrP7gO0mrZ2QprQ5CbXxiKxi31ZyWD/O+c4adIxhPoh9vnd3fPzuyqRoV2LCGGGlmy3s78PS5sIs06losNYWrFIEWCC2QLN1KFhqtVVvkhldCvSHK0PXmOcq1gomuLmMxYbbeJuR69RwU1hCbOdTXiNyxQjklpV8a+5ktTt1KgNKosqnKsfuSZ08buhsJZJpMXhSbW4RWO5wgmRkYucsBcchAP3C/pH317MGMsU/5MVa+j1fcOpPtPZWhhptXJHmY5z1mICo24H4G54kpO+QSNFKh+dSr2lSC2WVQCoWLOmiVQrDwf4VW0PwXJrXjz5eFZKC5RIGy4KQtvrw6gWaoY/KbxQkY45I5zPxh/DS6TTElZmlDVLwgApEmTiO/o+lqvUPUe8e/Kgu+FYRORJugSuRJM6ybX2rFwYhsfQawoGNuiHdT3ewPHRv7ECpc4ZX90o/IJqRQknvi/Ttmqez33HUq9JMVf8NjWH3zDWGvQS2Ip15FQYF/ESNsFHF4w12xK3Qb12wXNBOJMZ+tvvyi3s/UKY5tJMwxT1kqGCoqREwkZS0hx4YgreHDk+veo9Vb+NcJziZ4h4F8EE6RmCWggeRR4miITl+VppVgESNNguce/SHcE66Hj6qBMqUFph8NLNJ4U7H7Vl8LDqHc5SHp5GmCr1QaRwZXhEDRWcPPDtVkh7YJEaExqk3Cin0QPDyu/ukWvujspv25efauOf6RjPtftma55aw7ZXaPgtY3fSmt6pdkVFmhbBHgTbOd41d2mrv83d8DwYVER58dzWDWVnek/6Rfv7/H7LVh57MAgq07+WS3g1vZi9+/B2OwEs6MqIrP5XuVDswSvNlm+ukQl++3unOJdAFcvlHw==" />
      </Files>
      <Classes>
        <Class>
          <Summary numBranchPoints="1" visitedBranchPoints="0" numSequencePoints="1" visitedSequencePoints="0" visitedMethods="0" visitedClasses="0" branchCoverage="0" sequenceCoverage="0" minCrapScore="2" maxCrapScore="2" />
          <FullName>Tests.Program</FullName>
          <Methods>
            <Method visited="false" cyclomaticComplexity="1" sequenceCoverage="0" branchCoverage="0" isConstructor="false" isStatic="false" isGetter="false" isSetter="false" crapScore="2">
              <Summary numBranchPoints="1" visitedBranchPoints="0" numSequencePoints="1" visitedSequencePoints="0" visitedMethods="0" branchCoverage="0" sequenceCoverage="0" minCrapScore="2" maxCrapScore="2" />
              <MetadataToken>0</MetadataToken>
              <Name>System.Int32 Tests.Program::main(System.String[])</Name>
              <FileRef uid="1" />
              <SequencePoints>
                <SequencePoint vc="0" offset="2" sl="61" sc="16" el="61" ec="17" uspid="0" bec="0" bev="0" fileid="1" />
              </SequencePoints>
              <BranchPoints />
              <MethodPoint vc="0" p8:type="SequencePoint" offset="2" sl="61" sc="16" el="61" ec="17" uspid="0" bec="0" bev="0" fileid="1" xmlns:p8="http://www.w3.org/2001/XMLSchema-instance" />
            </Method>
          </Methods>
        </Class>
        <Class>
          <Summary numBranchPoints="15" visitedBranchPoints="5" numSequencePoints="21" visitedSequencePoints="7" visitedMethods="4" visitedClasses="1" branchCoverage="33.33" sequenceCoverage="33.33" minCrapScore="1" maxCrapScore="16.76" />
          <FullName>Tests.DU</FullName>
          <Methods>
            <Method visited="true" cyclomaticComplexity="1" sequenceCoverage="100" branchCoverage="0" isConstructor="false" isStatic="false" isGetter="false" isSetter="false" crapScore="1">
              <Summary numBranchPoints="1" visitedBranchPoints="0" numSequencePoints="1" visitedSequencePoints="1" visitedMethods="1" branchCoverage="0" sequenceCoverage="100" minCrapScore="1" maxCrapScore="1" />
              <MetadataToken>0</MetadataToken>
              <Name>Tests.DU/MyUnion Tests.DU::returnFoo(System.Int32)</Name>
              <FileRef uid="1" />
              <SequencePoints>
                <SequencePoint vc="1" offset="0" sl="49" sc="21" el="49" ec="26" uspid="1" bec="0" bev="0" fileid="1" />
              </SequencePoints>
              <BranchPoints />
              <MethodPoint vc="1" p8:type="SequencePoint" offset="0" sl="49" sc="21" el="49" ec="26" uspid="1" bec="0" bev="0" fileid="1" xmlns:p8="http://www.w3.org/2001/XMLSchema-instance" />
            </Method>
            <Method visited="true" cyclomaticComplexity="1" sequenceCoverage="100" branchCoverage="0" isConstructor="false" isStatic="false" isGetter="false" isSetter="false" crapScore="1">
              <Summary numBranchPoints="1" visitedBranchPoints="0" numSequencePoints="1" visitedSequencePoints="1" visitedMethods="1" branchCoverage="0" sequenceCoverage="100" minCrapScore="1" maxCrapScore="1" />
              <MetadataToken>0</MetadataToken>
              <Name>Tests.DU/MyUnion Tests.DU::returnBar(System.String)</Name>
              <FileRef uid="1" />
              <SequencePoints>
                <SequencePoint vc="1" offset="0" sl="50" sc="21" el="50" ec="26" uspid="2" bec="0" bev="0" fileid="1" />
              </SequencePoints>
              <BranchPoints />
              <MethodPoint vc="1" p8:type="SequencePoint" offset="0" sl="50" sc="21" el="50" ec="26" uspid="2" bec="0" bev="0" fileid="1" xmlns:p8="http://www.w3.org/2001/XMLSchema-instance" />
            </Method>
            <Method visited="true" cyclomaticComplexity="5" sequenceCoverage="50" branchCoverage="60" isConstructor="false" isStatic="false" isGetter="false" isSetter="false" crapScore="8.13">
              <Summary numBranchPoints="5" visitedBranchPoints="3" numSequencePoints="6" visitedSequencePoints="3" visitedMethods="1" branchCoverage="60" sequenceCoverage="50" minCrapScore="8.13" maxCrapScore="8.13" />
              <MetadataToken>0</MetadataToken>
              <Name>System.Void Tests.DU::testMakeUnion()</Name>
              <FileRef uid="1" />
              <SequencePoints>
                <SequencePoint vc="1" offset="0" sl="54" sc="5" el="54" ec="37" uspid="8" bec="2" bev="1" fileid="1" />
                <SequencePoint vc="0" offset="250" sl="54" sc="5" el="54" ec="9" uspid="7" bec="0" bev="0" fileid="1" />
                <SequencePoint vc="1" offset="257" sl="55" sc="5" el="55" ec="39" uspid="6" bec="2" bev="1" fileid="1" />
                <SequencePoint vc="0" offset="517" sl="55" sc="5" el="55" ec="9" uspid="5" bec="0" bev="0" fileid="1" />
                <SequencePoint vc="1" offset="524" sl="56" sc="5" el="56" ec="44" uspid="4" bec="0" bev="0" fileid="1" />
                <SequencePoint vc="0" offset="765" sl="56" sc="5" el="56" ec="9" uspid="3" bec="0" bev="0" fileid="1" />
              </SequencePoints>
              <BranchPoints>
                <BranchPoint vc="1" sl="54" uspid="0" ordinal="0" offset="209" path="0" fileid="1" />
                <BranchPoint vc="0" sl="54" uspid="1" ordinal="1" offset="209" path="1" fileid="1" />
                <BranchPoint vc="1" sl="55" uspid="2" ordinal="2" offset="475" path="0" fileid="1" />
                <BranchPoint vc="0" sl="55" uspid="3" ordinal="3" offset="475" path="1" fileid="1" />
              </BranchPoints>
              <MethodPoint vc="1" p8:type="SequencePoint" offset="0" sl="54" sc="5" el="54" ec="37" uspid="8" bec="2" bev="1" fileid="1" xmlns:p8="http://www.w3.org/2001/XMLSchema-instance" />
            </Method>
            <Method visited="true" cyclomaticComplexity="5" sequenceCoverage="22.22" branchCoverage="40" isConstructor="false" isStatic="false" isGetter="false" isSetter="false" crapScore="16.76">
              <Summary numBranchPoints="5" visitedBranchPoints="2" numSequencePoints="9" visitedSequencePoints="2" visitedMethods="1" branchCoverage="40" sequenceCoverage="22.22" minCrapScore="16.76" maxCrapScore="16.76" />
              <MetadataToken>0</MetadataToken>
              <Name>Tests.DU/MyUnion Tests.DU/MyUnion::as_bar()</Name>
              <FileRef uid="1" />
              <SequencePoints>
                <SequencePoint vc="1" offset="0" sl="36" sc="9" el="36" ec="24" uspid="17" bec="4" bev="1" fileid="1" />
                <SequencePoint vc="0" offset="91" sl="36" sc="9" el="36" ec="24" uspid="15" bec="0" bev="0" fileid="1" />
                <SequencePoint vc="0" offset="137" sl="36" sc="9" el="36" ec="24" uspid="13" bec="0" bev="0" fileid="1" />
                <SequencePoint vc="1" offset="54" sl="37" sc="20" el="37" ec="33" uspid="16" bec="0" bev="0" fileid="1" />
                <SequencePoint vc="0" offset="108" sl="38" sc="20" el="38" ec="33" uspid="14" bec="0" bev="0" fileid="1" />
                <SequencePoint vc="0" offset="154" sl="39" sc="20" el="39" ec="33" uspid="12" bec="0" bev="0" fileid="1" />
                <SequencePoint vc="0" offset="183" sl="41" sc="16" el="41" ec="20" uspid="11" bec="0" bev="0" fileid="1" />
                <SequencePoint vc="0" offset="187" sl="42" sc="7" el="42" ec="11" uspid="10" bec="0" bev="0" fileid="1" />
                <SequencePoint vc="0" offset="194" sl="42" sc="17" el="42" ec="27" uspid="9" bec="0" bev="0" fileid="1" />
              </SequencePoints>
              <BranchPoints>
                <BranchPoint vc="0" sl="36" uspid="4" ordinal="0" offset="8" path="0" fileid="1" />
                <BranchPoint vc="1" sl="36" uspid="5" ordinal="1" offset="8" path="1" fileid="1" />
                <BranchPoint vc="0" sl="36" uspid="6" ordinal="2" offset="8" path="2" fileid="1" />
                <BranchPoint vc="0" sl="36" uspid="7" ordinal="3" offset="8" path="3" fileid="1" />
              </BranchPoints>
              <MethodPoint vc="1" p8:type="SequencePoint" offset="0" sl="36" sc="9" el="36" ec="24" uspid="17" bec="4" bev="1" fileid="1" xmlns:p8="http://www.w3.org/2001/XMLSchema-instance" />
            </Method>
            <Method visited="false" cyclomaticComplexity="1" sequenceCoverage="0" branchCoverage="0" isConstructor="false" isStatic="false" isGetter="false" isSetter="false" crapScore="2">
              <Summary numBranchPoints="1" visitedBranchPoints="0" numSequencePoints="1" visitedSequencePoints="0" visitedMethods="0" branchCoverage="0" sequenceCoverage="0" minCrapScore="2" maxCrapScore="2" />
              <MetadataToken>0</MetadataToken>
              <Name>Microsoft.FSharp.Core.FSharpFunc`2&lt;Microsoft.FSharp.Core.Unit,Tests.DU/MyUnion&gt; Tests.DU/MyUnion::get_MyBar()</Name>
              <FileRef uid="1" />
              <SequencePoints>
                <SequencePoint vc="0" offset="0" sl="44" sc="25" el="44" ec="36" uspid="18" bec="0" bev="0" fileid="1" />
              </SequencePoints>
              <BranchPoints />
              <MethodPoint vc="0" p8:type="SequencePoint" offset="0" sl="44" sc="25" el="44" ec="36" uspid="18" bec="0" bev="0" fileid="1" xmlns:p8="http://www.w3.org/2001/XMLSchema-instance" />
            </Method>
            <Method visited="false" cyclomaticComplexity="1" sequenceCoverage="0" branchCoverage="0" isConstructor="false" isStatic="false" isGetter="false" isSetter="false" crapScore="2">
              <Summary numBranchPoints="1" visitedBranchPoints="0" numSequencePoints="1" visitedSequencePoints="0" visitedMethods="0" branchCoverage="0" sequenceCoverage="0" minCrapScore="2" maxCrapScore="2" />
              <MetadataToken>0</MetadataToken>
              <Name>Tests.DU/MyUnion Tests.DU/get_MyBar@44::Invoke(Microsoft.FSharp.Core.Unit)</Name>
              <FileRef uid="1" />
              <SequencePoints>
                <SequencePoint vc="0" offset="0" sl="44" sc="25" el="44" ec="36" uspid="19" bec="0" bev="0" fileid="1" />
              </SequencePoints>
              <BranchPoints />
              <MethodPoint vc="0" p8:type="SequencePoint" offset="0" sl="44" sc="25" el="44" ec="36" uspid="19" bec="0" bev="0" fileid="1" xmlns:p8="http://www.w3.org/2001/XMLSchema-instance" />
            </Method>
            <Method visited="false" cyclomaticComplexity="1" sequenceCoverage="0" branchCoverage="0" isConstructor="false" isStatic="false" isGetter="false" isSetter="false" crapScore="2">
              <Summary numBranchPoints="1" visitedBranchPoints="0" numSequencePoints="2" visitedSequencePoints="0" visitedMethods="0" branchCoverage="0" sequenceCoverage="0" minCrapScore="2" maxCrapScore="2" />
              <MetadataToken>0</MetadataToken>
              <Name>System.Void Tests.DU/MyClass::.ctor()</Name>
              <FileRef uid="1" />
              <SequencePoints>
                <SequencePoint vc="0" offset="15" sl="46" sc="8" el="46" ec="15" uspid="20" bec="0" bev="0" fileid="1" />
                <SequencePoint vc="0" offset="8" sl="47" sc="27" el="47" ec="28" uspid="21" bec="0" bev="0" fileid="1" />
              </SequencePoints>
              <BranchPoints />
              <MethodPoint vc="0" p8:type="SequencePoint" offset="15" sl="46" sc="8" el="46" ec="15" uspid="20" bec="0" bev="0" fileid="1" xmlns:p8="http://www.w3.org/2001/XMLSchema-instance" />
            </Method>
          </Methods>
        </Class>
        <Class>
          <Summary numBranchPoints="5" visitedBranchPoints="2" numSequencePoints="6" visitedSequencePoints="4" visitedMethods="3" visitedClasses="1" branchCoverage="40" sequenceCoverage="66.67" minCrapScore="1" maxCrapScore="4.13" />
          <FullName>Tests.M</FullName>
          <Methods>
            <Method visited="true" cyclomaticComplexity="1" sequenceCoverage="100" branchCoverage="0" isConstructor="false" isStatic="false" isGetter="false" isSetter="false" crapScore="1">
              <Summary numBranchPoints="1" visitedBranchPoints="0" numSequencePoints="1" visitedSequencePoints="1" visitedMethods="1" branchCoverage="0" sequenceCoverage="100" minCrapScore="1" maxCrapScore="1" />
              <MetadataToken>0</MetadataToken>
              <Name>Tests.M/Thing Tests.M::makeThing(System.String)</Name>
              <FileRef uid="1" />
              <SequencePoints>
                <SequencePoint vc="2" offset="0" sl="20" sc="21" el="20" ec="34" uspid="22" bec="0" bev="0" fileid="1" />
              </SequencePoints>
              <BranchPoints />
              <MethodPoint vc="2" p8:type="SequencePoint" offset="0" sl="20" sc="21" el="20" ec="34" uspid="22" bec="0" bev="0" fileid="1" xmlns:p8="http://www.w3.org/2001/XMLSchema-instance" />
            </Method>
            <Method visited="true" cyclomaticComplexity="3" sequenceCoverage="50" branchCoverage="66.67" isConstructor="false" isStatic="false" isGetter="false" isSetter="false" crapScore="4.13">
              <Summary numBranchPoints="3" visitedBranchPoints="2" numSequencePoints="4" visitedSequencePoints="2" visitedMethods="1" branchCoverage="66.67" sequenceCoverage="50" minCrapScore="4.13" maxCrapScore="4.13" />
              <MetadataToken>0</MetadataToken>
              <Name>System.Void Tests.M::testMakeThing()</Name>
              <FileRef uid="1" />
              <SequencePoints>
                <SequencePoint vc="1" offset="0" sl="24" sc="5" el="24" ec="43" uspid="26" bec="2" bev="1" fileid="1" />
                <SequencePoint vc="0" offset="250" sl="24" sc="5" el="24" ec="9" uspid="25" bec="0" bev="0" fileid="1" />
                <SequencePoint vc="1" offset="257" sl="25" sc="5" el="25" ec="54" uspid="24" bec="0" bev="0" fileid="1" />
                <SequencePoint vc="0" offset="568" sl="25" sc="5" el="25" ec="9" uspid="23" bec="0" bev="0" fileid="1" />
              </SequencePoints>
              <BranchPoints>
                <BranchPoint vc="1" sl="24" uspid="8" ordinal="0" offset="209" path="0" fileid="1" />
                <BranchPoint vc="0" sl="24" uspid="9" ordinal="1" offset="209" path="1" fileid="1" />
              </BranchPoints>
              <MethodPoint vc="1" p8:type="SequencePoint" offset="0" sl="24" sc="5" el="24" ec="43" uspid="26" bec="2" bev="1" fileid="1" xmlns:p8="http://www.w3.org/2001/XMLSchema-instance" />
            </Method>
            <Method visited="true" cyclomaticComplexity="1" sequenceCoverage="100" branchCoverage="0" isConstructor="false" isStatic="false" isGetter="false" isSetter="false" crapScore="1">
              <Summary numBranchPoints="1" visitedBranchPoints="0" numSequencePoints="1" visitedSequencePoints="1" visitedMethods="1" branchCoverage="0" sequenceCoverage="100" minCrapScore="1" maxCrapScore="1" />
              <MetadataToken>0</MetadataToken>
              <Name>System.Byte[] Tests.M/Thing::bytes()</Name>
              <FileRef uid="1" />
              <SequencePoints>
                <SequencePoint vc="1" offset="0" sl="18" sc="27" el="18" ec="73" uspid="27" bec="0" bev="0" fileid="1" />
              </SequencePoints>
              <BranchPoints />
              <MethodPoint vc="1" p8:type="SequencePoint" offset="0" sl="18" sc="27" el="18" ec="73" uspid="27" bec="0" bev="0" fileid="1" xmlns:p8="http://www.w3.org/2001/XMLSchema-instance" />
            </Method>
          </Methods>
        </Class>
      </Classes>
    </Module>
  </Modules>
</CoverageSession>