<?xml version="1.0" encoding="utf-8"?>
<CoverageSession xmlns:xsd="http://www.w3.org/2001/XMLSchema" xmlns:xsi="http://www.w3.org/2001/XMLSchema-instance" Version="4.7.1221.0">
  <Summary numSequencePoints="509" visitedSequencePoints="320" numBranchPoints="271" visitedBranchPoints="130" sequenceCoverage="62.87" branchCoverage="47.97" maxCyclomaticComplexity="10" minCyclomaticComplexity="1" maxCrapScore="72" minCrapScore="1" visitedClasses="3" numClasses="5" visitedMethods="55" numMethods="81" />
  <Modules>
    <Module skippedDueTo="Filter" hash="74-94-4A-A0-DA-A5-D0-75-C7-3B-9B-C0-C8-15-30-D2-73-53-17-E8">
      <ModulePath>C:\WINDOWS\Microsoft.Net\assembly\GAC_32\mscorlib\v4.0_4.0.0.0__b77a5c561934e089\mscorlib.dll</ModulePath>
      <ModuleTime>2021-08-04T01:00:24Z</ModuleTime>
      <ModuleName>mscorlib</ModuleName>
      <Classes />
    </Module>
    <Module hash="26-01-02-74-B5-50-08-95-5A-98-F1-3F-AC-EE-F2-BE-E7-B8-10-EA">
      <Summary numSequencePoints="509" visitedSequencePoints="320" numBranchPoints="271" visitedBranchPoints="130" sequenceCoverage="62.87" branchCoverage="47.97" maxCyclomaticComplexity="10" minCyclomaticComplexity="1" maxCrapScore="72" minCrapScore="1" visitedClasses="3" numClasses="5" visitedMethods="55" numMethods="81" />
      <ModulePath>C:\Users\steve\Documents\GitHub\altcover\Samples\Sample29\Debug\SimpleMix.exe</ModulePath>
      <ModuleTime>2021-10-30T13:04:37.9842657Z</ModuleTime>
      <ModuleName>SimpleMix</ModuleName>
      <Files>
        <File uid="1" fullPath="C:\Users\steve\Documents\GitHub\altcover\Samples\Sample29\SimpleMix\SimpleMix.cpp" />
        <File uid="2" fullPath="C:\Program Files (x86)\Microsoft Visual Studio\2019\Community\VC\Tools\MSVC\14.29.30133\include\vcclr.h" />
        <File uid="3" fullPath="d:\a01\_work\5\s\src\vctools\crt\crtw32\h\minternal.h" />
        <File uid="4" fullPath="d:\a01\_work\5\s\src\vctools\crt\vcstartup\inc\vcstartup_internal.h" />
        <File uid="5" fullPath="d:\a01\_work\5\s\src\vctools\crt\crtw32\msilcrt\mstartup.cpp" />
        <File uid="6" fullPath="d:\a01\_work\5\s\binaries\x86ret\inc\msclr\gcroot.h" />
        <File uid="7" fullPath="d:\a01\_work\5\s\src\vctools\crt\crtw32\msilcrt\mcrtexe.cpp" />
        <File uid="8" fullPath="d:\a01\_work\5\s\src\vctools\crt\crtw32\msilcrt\msilexit.cpp" />
        <File uid="9" fullPath="d:\a01\_work\5\s\src\vctools\crt\crtw32\msilcrt\pureMSILcode.cpp" />
        <File uid="10" fullPath="d:\a01\_work\5\s\src\vctools\crt\vcstartup\src\eh\managdeh.cpp" />
      </Files>
      <Classes>
        <Class>
          <Summary numSequencePoints="446" visitedSequencePoints="280" numBranchPoints="237" visitedBranchPoints="119" sequenceCoverage="62.78" branchCoverage="50.21" maxCyclomaticComplexity="10" minCyclomaticComplexity="1" maxCrapScore="72" minCrapScore="1" visitedClasses="1" numClasses="1" visitedMethods="50" numMethods="67" />
          <FullName>&lt;Module&gt;</FullName>
          <Methods>
            <Method visited="true" cyclomaticComplexity="3" nPathComplexity="4" sequenceCoverage="90" branchCoverage="60" crapScore="3.01" isConstructor="false" isStatic="true" isGetter="false" isSetter="false">
              <Summary numSequencePoints="10" visitedSequencePoints="9" numBranchPoints="5" visitedBranchPoints="3" sequenceCoverage="90" branchCoverage="60" maxCyclomaticComplexity="3" minCyclomaticComplexity="3" maxCrapScore="3.01" minCrapScore="3.01" visitedClasses="0" numClasses="0" visitedMethods="1" numMethods="1" />
              <MetadataToken>100663297</MetadataToken>
              <Name>System.Int32 &lt;Module&gt;::main(System.String[])</Name>
              <FileRef uid="1" />
              <SequencePoints>
                <SequencePoint vc="1" uspid="1" ordinal="0" offset="0" sl="38" sc="0" el="38" ec="0" bec="2" bev="1" fileid="1" />
                <SequencePoint vc="1" uspid="2" ordinal="1" offset="8" sl="40" sc="0" el="40" ec="0" bec="0" bev="0" fileid="1" />
                <SequencePoint vc="1" uspid="3" ordinal="2" offset="14" sl="41" sc="0" el="41" ec="0" bec="0" bev="0" fileid="1" />
                <SequencePoint vc="1" uspid="4" ordinal="3" offset="20" sl="41" sc="0" el="41" ec="0" bec="0" bev="0" fileid="2" />
                <SequencePoint vc="1" uspid="5" ordinal="4" offset="22" sl="42" sc="0" el="42" ec="0" bec="2" bev="1" fileid="2" />
                <SequencePoint vc="1" uspid="6" ordinal="5" offset="25" sl="43" sc="0" el="43" ec="0" bec="0" bev="0" fileid="2" />
                <SequencePoint vc="1" uspid="7" ordinal="6" offset="33" sl="42" sc="0" el="42" ec="0" bec="0" bev="0" fileid="1" />
                <SequencePoint vc="1" uspid="8" ordinal="7" offset="35" sl="45" sc="0" el="45" ec="0" bec="0" bev="0" fileid="1" />
                <SequencePoint vc="1" uspid="9" ordinal="8" offset="46" sl="47" sc="0" el="47" ec="0" bec="0" bev="0" fileid="1" />
                <SequencePoint vc="0" uspid="10" ordinal="9" offset="48" sl="49" sc="0" el="49" ec="0" bec="0" bev="0" fileid="1" />
              </SequencePoints>
              <BranchPoints>
                <BranchPoint vc="1" uspid="11" ordinal="0" offset="6" sl="38" path="0" offsetend="8" fileid="1" />
                <BranchPoint vc="0" uspid="12" ordinal="1" offset="6" sl="38" path="1" offsetend="48" fileid="1" />
                <BranchPoint vc="1" uspid="13" ordinal="2" offset="23" sl="42" path="0" offsetend="25" fileid="2" />
                <BranchPoint vc="0" uspid="14" ordinal="3" offset="23" sl="42" path="1" offsetend="33" fileid="2" />
              </BranchPoints>
              <MethodPoint xsi:type="SequencePoint" vc="1" uspid="1" ordinal="0" offset="0" sl="38" sc="0" el="38" ec="0" bec="2" bev="1" fileid="1" />
            </Method>
            <Method visited="false" cyclomaticComplexity="1" nPathComplexity="0" sequenceCoverage="0" branchCoverage="0" crapScore="2" isConstructor="false" isStatic="true" isGetter="false" isSetter="false">
              <Summary numSequencePoints="2" visitedSequencePoints="0" numBranchPoints="1" visitedBranchPoints="0" sequenceCoverage="0" branchCoverage="0" maxCyclomaticComplexity="1" minCyclomaticComplexity="1" maxCrapScore="2" minCrapScore="2" visitedClasses="0" numClasses="0" visitedMethods="0" numMethods="1" />
              <MetadataToken>100663298</MetadataToken>
              <Name>System.Void &lt;Module&gt;::&lt;CrtImplementationDetails&gt;.ThrowNestedModuleLoadException(System.Exception,System.Exception)</Name>
              <FileRef uid="3" />
              <SequencePoints>
                <SequencePoint vc="0" uspid="15" ordinal="0" offset="0" sl="194" sc="0" el="194" ec="0" bec="0" bev="0" fileid="3" />
                <SequencePoint vc="0" uspid="16" ordinal="1" offset="13" sl="195" sc="0" el="195" ec="0" bec="0" bev="0" fileid="3" />
              </SequencePoints>
              <BranchPoints />
              <MethodPoint xsi:type="SequencePoint" vc="0" uspid="15" ordinal="0" offset="0" sl="194" sc="0" el="194" ec="0" bec="0" bev="0" fileid="3" />
            </Method>
            <Method visited="false" cyclomaticComplexity="1" nPathComplexity="0" sequenceCoverage="0" branchCoverage="0" crapScore="2" isConstructor="false" isStatic="true" isGetter="false" isSetter="false">
              <Summary numSequencePoints="2" visitedSequencePoints="0" numBranchPoints="1" visitedBranchPoints="0" sequenceCoverage="0" branchCoverage="0" maxCyclomaticComplexity="1" minCyclomaticComplexity="1" maxCrapScore="2" minCrapScore="2" visitedClasses="0" numClasses="0" visitedMethods="0" numMethods="1" />
              <MetadataToken>100663299</MetadataToken>
              <Name>System.Void &lt;Module&gt;::&lt;CrtImplementationDetails&gt;.ThrowModuleLoadException(System.String)</Name>
              <FileRef uid="3" />
              <SequencePoints>
                <SequencePoint vc="0" uspid="17" ordinal="0" offset="0" sl="199" sc="0" el="199" ec="0" bec="0" bev="0" fileid="3" />
                <SequencePoint vc="0" uspid="18" ordinal="1" offset="7" sl="200" sc="0" el="200" ec="0" bec="0" bev="0" fileid="3" />
              </SequencePoints>
              <BranchPoints />
              <MethodPoint xsi:type="SequencePoint" vc="0" uspid="17" ordinal="0" offset="0" sl="199" sc="0" el="199" ec="0" bec="0" bev="0" fileid="3" />
            </Method>
            <Method visited="false" cyclomaticComplexity="1" nPathComplexity="0" sequenceCoverage="0" branchCoverage="0" crapScore="2" isConstructor="false" isStatic="true" isGetter="false" isSetter="false">
              <Summary numSequencePoints="2" visitedSequencePoints="0" numBranchPoints="1" visitedBranchPoints="0" sequenceCoverage="0" branchCoverage="0" maxCyclomaticComplexity="1" minCyclomaticComplexity="1" maxCrapScore="2" minCrapScore="2" visitedClasses="0" numClasses="0" visitedMethods="0" numMethods="1" />
              <MetadataToken>100663300</MetadataToken>
              <Name>System.Void &lt;Module&gt;::&lt;CrtImplementationDetails&gt;.ThrowModuleLoadException(System.String,System.Exception)</Name>
              <FileRef uid="3" />
              <SequencePoints>
                <SequencePoint vc="0" uspid="19" ordinal="0" offset="0" sl="204" sc="0" el="204" ec="0" bec="0" bev="0" fileid="3" />
                <SequencePoint vc="0" uspid="20" ordinal="1" offset="8" sl="205" sc="0" el="205" ec="0" bec="0" bev="0" fileid="3" />
              </SequencePoints>
              <BranchPoints />
              <MethodPoint xsi:type="SequencePoint" vc="0" uspid="19" ordinal="0" offset="0" sl="204" sc="0" el="204" ec="0" bec="0" bev="0" fileid="3" />
            </Method>
            <Method visited="true" cyclomaticComplexity="1" nPathComplexity="0" sequenceCoverage="100" branchCoverage="100" crapScore="1" isConstructor="false" isStatic="true" isGetter="false" isSetter="false">
              <Summary numSequencePoints="2" visitedSequencePoints="2" numBranchPoints="1" visitedBranchPoints="1" sequenceCoverage="100" branchCoverage="100" maxCyclomaticComplexity="1" minCyclomaticComplexity="1" maxCrapScore="1" minCrapScore="1" visitedClasses="0" numClasses="0" visitedMethods="1" numMethods="1" />
              <MetadataToken>100663301</MetadataToken>
              <Name>System.Void &lt;Module&gt;::&lt;CrtImplementationDetails&gt;.RegisterModuleUninitializer(System.EventHandler)</Name>
              <FileRef uid="3" />
              <SequencePoints>
                <SequencePoint vc="1" uspid="21" ordinal="0" offset="0" sl="302" sc="0" el="302" ec="0" bec="0" bev="0" fileid="3" />
                <SequencePoint vc="1" uspid="22" ordinal="1" offset="11" sl="303" sc="0" el="303" ec="0" bec="0" bev="0" fileid="3" />
              </SequencePoints>
              <BranchPoints />
              <MethodPoint xsi:type="SequencePoint" vc="1" uspid="21" ordinal="0" offset="0" sl="302" sc="0" el="302" ec="0" bec="0" bev="0" fileid="3" />
            </Method>
            <Method visited="false" cyclomaticComplexity="1" nPathComplexity="0" sequenceCoverage="0" branchCoverage="0" crapScore="2" isConstructor="false" isStatic="true" isGetter="false" isSetter="false">
              <Summary numSequencePoints="2" visitedSequencePoints="0" numBranchPoints="1" visitedBranchPoints="0" sequenceCoverage="0" branchCoverage="0" maxCyclomaticComplexity="1" minCyclomaticComplexity="1" maxCrapScore="2" minCrapScore="2" visitedClasses="0" numClasses="0" visitedMethods="0" numMethods="1" />
              <MetadataToken>100663302</MetadataToken>
              <Name>System.Guid &lt;Module&gt;::&lt;CrtImplementationDetails&gt;.FromGUID(_GUID modopt(System.Runtime.CompilerServices.IsConst)* modopt(System.Runtime.CompilerServices.IsImplicitlyDereferenced))</Name>
              <FileRef uid="3" />
              <SequencePoints>
                <SequencePoint vc="0" uspid="23" ordinal="0" offset="0" sl="310" sc="0" el="310" ec="0" bec="0" bev="0" fileid="3" />
                <SequencePoint vc="0" uspid="24" ordinal="1" offset="80" sl="315" sc="0" el="315" ec="0" bec="0" bev="0" fileid="3" />
              </SequencePoints>
              <BranchPoints />
              <MethodPoint xsi:type="SequencePoint" vc="0" uspid="23" ordinal="0" offset="0" sl="310" sc="0" el="310" ec="0" bec="0" bev="0" fileid="3" />
            </Method>
            <Method visited="false" cyclomaticComplexity="2" nPathComplexity="2" sequenceCoverage="0" branchCoverage="0" crapScore="6" isConstructor="false" isStatic="true" isGetter="false" isSetter="false">
              <Summary numSequencePoints="13" visitedSequencePoints="0" numBranchPoints="3" visitedBranchPoints="0" sequenceCoverage="0" branchCoverage="0" maxCyclomaticComplexity="2" minCyclomaticComplexity="2" maxCrapScore="6" minCrapScore="6" visitedClasses="0" numClasses="0" visitedMethods="0" numMethods="1" />
              <MetadataToken>100663303</MetadataToken>
              <Name>System.Int32 modopt(System.Runtime.CompilerServices.IsLong) modopt(System.Runtime.CompilerServices.CallConvCdecl) &lt;Module&gt;::__get_default_appdomain(IUnknown**)</Name>
              <FileRef uid="3" />
              <SequencePoints>
                <SequencePoint vc="0" uspid="25" ordinal="0" offset="0" sl="323" sc="0" el="323" ec="0" bec="0" bev="0" fileid="3" />
                <SequencePoint vc="0" uspid="26" ordinal="1" offset="2" sl="328" sc="0" el="328" ec="0" bec="0" bev="0" fileid="3" />
                <SequencePoint vc="0" uspid="27" ordinal="2" offset="4" sl="329" sc="0" el="329" ec="0" bec="0" bev="0" fileid="3" />
                <SequencePoint vc="0" uspid="28" ordinal="3" offset="6" sl="334" sc="0" el="334" ec="0" bec="0" bev="0" fileid="3" />
                <SequencePoint vc="0" uspid="29" ordinal="4" offset="45" sl="338" sc="0" el="338" ec="0" bec="0" bev="0" fileid="3" />
                <SequencePoint vc="0" uspid="30" ordinal="5" offset="47" sl="340" sc="0" el="340" ec="0" bec="0" bev="0" fileid="3" />
                <SequencePoint vc="0" uspid="31" ordinal="6" offset="48" sl="341" sc="0" el="341" ec="0" bec="0" bev="0" fileid="3" />
                <SequencePoint vc="0" uspid="32" ordinal="7" offset="55" sl="342" sc="0" el="342" ec="0" bec="0" bev="0" fileid="3" />
                <SequencePoint vc="0" uspid="33" ordinal="8" offset="57" sl="344" sc="0" el="344" ec="0" bec="2" bev="0" fileid="3" />
                <SequencePoint vc="0" uspid="34" ordinal="9" offset="61" sl="347" sc="0" el="347" ec="0" bec="0" bev="0" fileid="3" />
                <SequencePoint vc="0" uspid="35" ordinal="10" offset="79" sl="348" sc="0" el="348" ec="0" bec="0" bev="0" fileid="3" />
                <SequencePoint vc="0" uspid="36" ordinal="11" offset="91" sl="351" sc="0" el="351" ec="0" bec="0" bev="0" fileid="3" />
                <SequencePoint vc="0" uspid="37" ordinal="12" offset="93" sl="352" sc="0" el="352" ec="0" bec="0" bev="0" fileid="3" />
              </SequencePoints>
              <BranchPoints>
                <BranchPoint vc="0" uspid="38" ordinal="0" offset="59" sl="344" path="0" offsetend="61" fileid="3" />
                <BranchPoint vc="0" uspid="39" ordinal="1" offset="59" sl="344" path="1" offsetend="91" fileid="3" />
              </BranchPoints>
              <MethodPoint xsi:type="SequencePoint" vc="0" uspid="25" ordinal="0" offset="0" sl="323" sc="0" el="323" ec="0" bec="0" bev="0" fileid="3" />
            </Method>
            <Method visited="false" cyclomaticComplexity="1" nPathComplexity="0" sequenceCoverage="0" branchCoverage="0" crapScore="2" isConstructor="false" isStatic="true" isGetter="false" isSetter="false">
              <Summary numSequencePoints="2" visitedSequencePoints="0" numBranchPoints="1" visitedBranchPoints="0" sequenceCoverage="0" branchCoverage="0" maxCyclomaticComplexity="1" minCyclomaticComplexity="1" maxCrapScore="2" minCrapScore="2" visitedClasses="0" numClasses="0" visitedMethods="0" numMethods="1" />
              <MetadataToken>100663304</MetadataToken>
              <Name>System.Void modopt(System.Runtime.CompilerServices.CallConvCdecl) &lt;Module&gt;::__release_appdomain(IUnknown*)</Name>
              <FileRef uid="3" />
              <SequencePoints>
                <SequencePoint vc="0" uspid="40" ordinal="0" offset="0" sl="356" sc="0" el="356" ec="0" bec="0" bev="0" fileid="3" />
                <SequencePoint vc="0" uspid="41" ordinal="1" offset="12" sl="357" sc="0" el="357" ec="0" bec="0" bev="0" fileid="3" />
              </SequencePoints>
              <BranchPoints />
              <MethodPoint xsi:type="SequencePoint" vc="0" uspid="40" ordinal="0" offset="0" sl="356" sc="0" el="356" ec="0" bec="0" bev="0" fileid="3" />
            </Method>
            <Method visited="false" cyclomaticComplexity="2" nPathComplexity="2" sequenceCoverage="0" branchCoverage="0" crapScore="6" isConstructor="false" isStatic="true" isGetter="false" isSetter="false">
              <Summary numSequencePoints="14" visitedSequencePoints="0" numBranchPoints="3" visitedBranchPoints="0" sequenceCoverage="0" branchCoverage="0" maxCyclomaticComplexity="2" minCyclomaticComplexity="2" maxCrapScore="6" minCrapScore="6" visitedClasses="0" numClasses="0" visitedMethods="0" numMethods="1" />
              <MetadataToken>100663305</MetadataToken>
              <Name>System.AppDomain &lt;Module&gt;::&lt;CrtImplementationDetails&gt;.GetDefaultDomain()</Name>
              <FileRef uid="3" />
              <SequencePoints>
                <SequencePoint vc="0" uspid="42" ordinal="0" offset="0" sl="364" sc="0" el="364" ec="0" bec="0" bev="0" fileid="3" />
                <SequencePoint vc="0" uspid="43" ordinal="1" offset="5" sl="366" sc="0" el="366" ec="0" bec="0" bev="0" fileid="3" />
                <SequencePoint vc="0" uspid="44" ordinal="2" offset="7" sl="367" sc="0" el="367" ec="0" bec="0" bev="0" fileid="3" />
                <SequencePoint vc="0" uspid="45" ordinal="3" offset="15" sl="369" sc="0" el="369" ec="0" bec="2" bev="0" fileid="3" />
                <SequencePoint vc="0" uspid="46" ordinal="4" offset="19" sl="373" sc="0" el="373" ec="0" bec="0" bev="0" fileid="3" />
                <SequencePoint vc="0" uspid="47" ordinal="5" offset="36" sl="375" sc="0" el="375" ec="0" bec="0" bev="0" fileid="3" />
                <SequencePoint vc="0" uspid="48" ordinal="6" offset="44" sl="377" sc="0" el="377" ec="0" bec="0" bev="0" fileid="3" />
                <SequencePoint vc="0" uspid="49" ordinal="7" offset="68" sl="379" sc="0" el="379" ec="0" bec="0" bev="0" fileid="3" />
                <SequencePoint vc="0" uspid="50" ordinal="8" offset="72" sl="383" sc="0" el="383" ec="0" bec="0" bev="0" fileid="3" />
                <SequencePoint vc="0" uspid="51" ordinal="9" offset="78" sl="380" sc="0" el="380" ec="0" bec="0" bev="0" fileid="3" />
                <SequencePoint vc="0" uspid="52" ordinal="10" offset="79" sl="385" sc="0" el="385" ec="0" bec="0" bev="0" fileid="3" />
                <SequencePoint vc="0" uspid="53" ordinal="11" offset="81" sl="388" sc="0" el="388" ec="0" bec="0" bev="0" fileid="3" />
                <SequencePoint vc="0" uspid="54" ordinal="12" offset="87" sl="391" sc="0" el="391" ec="0" bec="0" bev="0" fileid="3" />
                <SequencePoint vc="0" uspid="55" ordinal="13" offset="89" sl="392" sc="0" el="392" ec="0" bec="0" bev="0" fileid="3" />
              </SequencePoints>
              <BranchPoints>
                <BranchPoint vc="0" uspid="56" ordinal="0" offset="17" sl="369" path="0" offsetend="19" fileid="3" />
                <BranchPoint vc="0" uspid="57" ordinal="1" offset="17" sl="369" path="1" offsetend="81" fileid="3" />
              </BranchPoints>
              <MethodPoint xsi:type="SequencePoint" vc="0" uspid="42" ordinal="0" offset="0" sl="364" sc="0" el="364" ec="0" bec="0" bev="0" fileid="3" />
            </Method>
            <Method visited="false" cyclomaticComplexity="2" nPathComplexity="2" sequenceCoverage="0" branchCoverage="0" crapScore="6" isConstructor="false" isStatic="true" isGetter="false" isSetter="false">
              <Summary numSequencePoints="12" visitedSequencePoints="0" numBranchPoints="3" visitedBranchPoints="0" sequenceCoverage="0" branchCoverage="0" maxCyclomaticComplexity="2" minCyclomaticComplexity="2" maxCrapScore="6" minCrapScore="6" visitedClasses="0" numClasses="0" visitedMethods="0" numMethods="1" />
              <MetadataToken>100663306</MetadataToken>
              <Name>System.Void modopt(System.Runtime.CompilerServices.CallConvCdecl) &lt;Module&gt;::&lt;CrtImplementationDetails&gt;.DoCallBackInDefaultDomain(method System.Int32 modopt(System.Runtime.CompilerServices.IsLong) modopt(System.Runtime.CompilerServices.CallConvStdcall) *(System.Void*),System.Void*)</Name>
              <FileRef uid="3" />
              <SequencePoints>
                <SequencePoint vc="0" uspid="58" ordinal="0" offset="0" sl="396" sc="0" el="396" ec="0" bec="0" bev="0" fileid="3" />
                <SequencePoint vc="0" uspid="59" ordinal="1" offset="2" sl="400" sc="0" el="400" ec="0" bec="0" bev="0" fileid="3" />
                <SequencePoint vc="0" uspid="60" ordinal="2" offset="4" sl="403" sc="0" el="403" ec="0" bec="0" bev="0" fileid="3" />
                <SequencePoint vc="0" uspid="61" ordinal="3" offset="6" sl="404" sc="0" el="404" ec="0" bec="0" bev="0" fileid="3" />
                <SequencePoint vc="0" uspid="62" ordinal="4" offset="45" sl="411" sc="0" el="411" ec="0" bec="0" bev="0" fileid="3" />
                <SequencePoint vc="0" uspid="63" ordinal="5" offset="51" sl="413" sc="0" el="413" ec="0" bec="0" bev="0" fileid="3" />
                <SequencePoint vc="0" uspid="64" ordinal="6" offset="78" sl="414" sc="0" el="414" ec="0" bec="2" bev="0" fileid="3" />
                <SequencePoint vc="0" uspid="65" ordinal="7" offset="82" sl="416" sc="0" el="416" ec="0" bec="0" bev="0" fileid="3" />
                <SequencePoint vc="0" uspid="66" ordinal="8" offset="88" sl="418" sc="0" el="418" ec="0" bec="0" bev="0" fileid="3" />
                <SequencePoint vc="0" uspid="67" ordinal="9" offset="90" sl="421" sc="0" el="421" ec="0" bec="0" bev="0" fileid="3" />
                <SequencePoint vc="0" uspid="68" ordinal="10" offset="102" sl="418" sc="0" el="418" ec="0" bec="0" bev="0" fileid="3" />
                <SequencePoint vc="0" uspid="69" ordinal="11" offset="103" sl="423" sc="0" el="423" ec="0" bec="0" bev="0" fileid="3" />
              </SequencePoints>
              <BranchPoints>
                <BranchPoint vc="0" uspid="70" ordinal="0" offset="80" sl="414" path="0" offsetend="82" fileid="3" />
                <BranchPoint vc="0" uspid="71" ordinal="1" offset="80" sl="414" path="1" offsetend="88" fileid="3" />
              </BranchPoints>
              <MethodPoint xsi:type="SequencePoint" vc="0" uspid="58" ordinal="0" offset="0" sl="396" sc="0" el="396" ec="0" bec="0" bev="0" fileid="3" />
            </Method>
            <Method visited="true" cyclomaticComplexity="3" nPathComplexity="4" sequenceCoverage="75" branchCoverage="60" crapScore="3.14" isConstructor="false" isStatic="true" isGetter="false" isSetter="false">
              <Summary numSequencePoints="4" visitedSequencePoints="3" numBranchPoints="5" visitedBranchPoints="3" sequenceCoverage="75" branchCoverage="60" maxCyclomaticComplexity="3" minCyclomaticComplexity="3" maxCrapScore="3.14" minCrapScore="3.14" visitedClasses="0" numClasses="0" visitedMethods="1" numMethods="1" />
              <MetadataToken>100663307</MetadataToken>
              <Name>System.Boolean modopt(System.Runtime.CompilerServices.CallConvCdecl) &lt;Module&gt;::__scrt_is_safe_for_managed_code()</Name>
              <FileRef uid="4" />
              <SequencePoints>
                <SequencePoint vc="1" uspid="72" ordinal="0" offset="0" sl="225" sc="0" el="225" ec="0" bec="3" bev="2" fileid="4" />
                <SequencePoint vc="0" uspid="73" ordinal="1" offset="15" sl="229" sc="0" el="229" ec="0" bec="0" bev="0" fileid="4" />
                <SequencePoint vc="1" uspid="74" ordinal="2" offset="19" sl="232" sc="0" el="232" ec="0" bec="0" bev="0" fileid="4" />
                <SequencePoint vc="1" uspid="75" ordinal="3" offset="21" sl="234" sc="0" el="234" ec="0" bec="0" bev="0" fileid="4" />
              </SequencePoints>
              <BranchPoints>
                <BranchPoint vc="1" uspid="76" ordinal="0" offset="7" sl="225" path="0" offsetend="9" fileid="4" />
                <BranchPoint vc="0" uspid="77" ordinal="1" offset="7" sl="225" path="1" offsetend="15" fileid="4" />
                <BranchPoint vc="1" uspid="78" ordinal="2" offset="11" sl="225" path="0" offsetchain="13" offsetend="19" fileid="4" />
                <BranchPoint vc="0" uspid="79" ordinal="3" offset="11" sl="225" path="1" offsetend="15" fileid="4" />
              </BranchPoints>
              <MethodPoint xsi:type="SequencePoint" vc="1" uspid="72" ordinal="0" offset="0" sl="225" sc="0" el="225" ec="0" bec="3" bev="2" fileid="4" />
            </Method>
            <Method visited="false" cyclomaticComplexity="1" nPathComplexity="0" sequenceCoverage="0" branchCoverage="0" crapScore="2" isConstructor="false" isStatic="true" isGetter="false" isSetter="false">
              <Summary numSequencePoints="3" visitedSequencePoints="0" numBranchPoints="1" visitedBranchPoints="0" sequenceCoverage="0" branchCoverage="0" maxCyclomaticComplexity="1" minCyclomaticComplexity="1" maxCrapScore="2" minCrapScore="2" visitedClasses="0" numClasses="0" visitedMethods="0" numMethods="1" />
              <MetadataToken>100663308</MetadataToken>
              <Name>System.Int32 modopt(System.Runtime.CompilerServices.IsLong) modopt(System.Runtime.CompilerServices.CallConvStdcall) &lt;Module&gt;::&lt;CrtImplementationDetails&gt;.DefaultDomain.DoNothing(System.Void*)</Name>
              <FileRef uid="5" />
              <SequencePoints>
                <SequencePoint vc="0" uspid="80" ordinal="0" offset="0" sl="171" sc="0" el="171" ec="0" bec="0" bev="0" fileid="5" />
                <SequencePoint vc="0" uspid="81" ordinal="1" offset="15" sl="172" sc="0" el="172" ec="0" bec="0" bev="0" fileid="5" />
                <SequencePoint vc="0" uspid="82" ordinal="2" offset="17" sl="173" sc="0" el="173" ec="0" bec="0" bev="0" fileid="5" />
              </SequencePoints>
              <BranchPoints />
              <MethodPoint xsi:type="SequencePoint" vc="0" uspid="80" ordinal="0" offset="0" sl="171" sc="0" el="171" ec="0" bec="0" bev="0" fileid="5" />
            </Method>
            <Method visited="false" cyclomaticComplexity="6" nPathComplexity="16" sequenceCoverage="0" branchCoverage="0" crapScore="42" isConstructor="false" isStatic="true" isGetter="false" isSetter="false">
              <Summary numSequencePoints="13" visitedSequencePoints="0" numBranchPoints="9" visitedBranchPoints="0" sequenceCoverage="0" branchCoverage="0" maxCyclomaticComplexity="6" minCyclomaticComplexity="6" maxCrapScore="42" minCrapScore="42" visitedClasses="0" numClasses="0" visitedMethods="0" numMethods="1" />
              <MetadataToken>100663309</MetadataToken>
              <Name>System.Boolean modopt(System.Runtime.CompilerServices.CallConvCdecl) &lt;Module&gt;::&lt;CrtImplementationDetails&gt;.DefaultDomain.HasPerProcess()</Name>
              <FileRef uid="5" />
              <SequencePoints>
                <SequencePoint vc="0" uspid="83" ordinal="0" offset="0" sl="184" sc="0" el="184" ec="0" bec="2" bev="0" fileid="5" />
                <SequencePoint vc="0" uspid="84" ordinal="1" offset="8" sl="186" sc="0" el="186" ec="0" bec="0" bev="0" fileid="5" />
                <SequencePoint vc="0" uspid="85" ordinal="2" offset="14" sl="187" sc="0" el="187" ec="0" bec="0" bev="0" fileid="5" />
                <SequencePoint vc="0" uspid="86" ordinal="3" offset="20" sl="188" sc="0" el="188" ec="0" bec="2" bev="0" fileid="5" />
                <SequencePoint vc="0" uspid="87" ordinal="4" offset="24" sl="190" sc="0" el="190" ec="0" bec="2" bev="0" fileid="5" />
                <SequencePoint vc="0" uspid="88" ordinal="5" offset="28" sl="192" sc="0" el="192" ec="0" bec="0" bev="0" fileid="5" />
                <SequencePoint vc="0" uspid="89" ordinal="6" offset="34" sl="193" sc="0" el="193" ec="0" bec="0" bev="0" fileid="5" />
                <SequencePoint vc="0" uspid="90" ordinal="7" offset="38" sl="195" sc="0" el="195" ec="0" bec="0" bev="0" fileid="5" />
                <SequencePoint vc="0" uspid="91" ordinal="8" offset="42" sl="196" sc="0" el="196" ec="0" bec="0" bev="0" fileid="5" />
                <SequencePoint vc="0" uspid="92" ordinal="9" offset="44" sl="198" sc="0" el="198" ec="0" bec="0" bev="0" fileid="5" />
                <SequencePoint vc="0" uspid="93" ordinal="10" offset="50" sl="199" sc="0" el="199" ec="0" bec="0" bev="0" fileid="5" />
                <SequencePoint vc="0" uspid="94" ordinal="11" offset="54" sl="201" sc="0" el="201" ec="0" bec="2" bev="0" fileid="5" />
                <SequencePoint vc="0" uspid="95" ordinal="12" offset="67" sl="202" sc="0" el="202" ec="0" bec="0" bev="0" fileid="5" />
              </SequencePoints>
              <BranchPoints>
                <BranchPoint vc="0" uspid="96" ordinal="0" offset="6" sl="184" path="0" offsetend="8" fileid="5" />
                <BranchPoint vc="0" uspid="97" ordinal="1" offset="6" sl="184" path="1" offsetend="54" fileid="5" />
                <BranchPoint vc="0" uspid="98" ordinal="2" offset="22" sl="188" path="0" offsetend="24" fileid="5" />
                <BranchPoint vc="0" uspid="99" ordinal="3" offset="22" sl="188" path="1" offsetend="44" fileid="5" />
                <BranchPoint vc="0" uspid="100" ordinal="4" offset="26" sl="190" path="0" offsetend="28" fileid="5" />
                <BranchPoint vc="0" uspid="101" ordinal="5" offset="26" sl="190" path="1" offsetend="38" fileid="5" />
                <BranchPoint vc="0" uspid="102" ordinal="6" offset="60" sl="201" path="0" offsetend="62" fileid="5" />
                <BranchPoint vc="0" uspid="103" ordinal="7" offset="60" sl="201" path="1" offsetend="65" fileid="5" />
              </BranchPoints>
              <MethodPoint xsi:type="SequencePoint" vc="0" uspid="83" ordinal="0" offset="0" sl="184" sc="0" el="184" ec="0" bec="2" bev="0" fileid="5" />
            </Method>
            <Method visited="false" cyclomaticComplexity="8" nPathComplexity="64" sequenceCoverage="0" branchCoverage="0" crapScore="72" isConstructor="false" isStatic="true" isGetter="false" isSetter="false">
              <Summary numSequencePoints="21" visitedSequencePoints="0" numBranchPoints="13" visitedBranchPoints="0" sequenceCoverage="0" branchCoverage="0" maxCyclomaticComplexity="8" minCyclomaticComplexity="8" maxCrapScore="72" minCrapScore="72" visitedClasses="0" numClasses="0" visitedMethods="0" numMethods="1" />
              <MetadataToken>100663310</MetadataToken>
              <Name>System.Boolean modopt(System.Runtime.CompilerServices.CallConvCdecl) &lt;Module&gt;::&lt;CrtImplementationDetails&gt;.DefaultDomain.HasNative()</Name>
              <FileRef uid="5" />
              <SequencePoints>
                <SequencePoint vc="0" uspid="104" ordinal="0" offset="0" sl="207" sc="0" el="207" ec="0" bec="2" bev="0" fileid="5" />
                <SequencePoint vc="0" uspid="105" ordinal="1" offset="8" sl="209" sc="0" el="209" ec="0" bec="0" bev="0" fileid="5" />
                <SequencePoint vc="0" uspid="106" ordinal="2" offset="14" sl="210" sc="0" el="210" ec="0" bec="0" bev="0" fileid="5" />
                <SequencePoint vc="0" uspid="107" ordinal="3" offset="20" sl="212" sc="0" el="212" ec="0" bec="2" bev="0" fileid="5" />
                <SequencePoint vc="0" uspid="108" ordinal="4" offset="24" sl="214" sc="0" el="214" ec="0" bec="2" bev="0" fileid="5" />
                <SequencePoint vc="0" uspid="109" ordinal="5" offset="28" sl="216" sc="0" el="216" ec="0" bec="0" bev="0" fileid="5" />
                <SequencePoint vc="0" uspid="110" ordinal="6" offset="34" sl="217" sc="0" el="217" ec="0" bec="0" bev="0" fileid="5" />
                <SequencePoint vc="0" uspid="111" ordinal="7" offset="38" sl="219" sc="0" el="219" ec="0" bec="0" bev="0" fileid="5" />
                <SequencePoint vc="0" uspid="112" ordinal="8" offset="42" sl="220" sc="0" el="220" ec="0" bec="0" bev="0" fileid="5" />
                <SequencePoint vc="0" uspid="113" ordinal="9" offset="44" sl="222" sc="0" el="222" ec="0" bec="0" bev="0" fileid="5" />
                <SequencePoint vc="0" uspid="114" ordinal="10" offset="50" sl="223" sc="0" el="223" ec="0" bec="0" bev="0" fileid="5" />
                <SequencePoint vc="0" uspid="115" ordinal="11" offset="56" sl="224" sc="0" el="224" ec="0" bec="2" bev="0" fileid="5" />
                <SequencePoint vc="0" uspid="116" ordinal="12" offset="60" sl="226" sc="0" el="226" ec="0" bec="2" bev="0" fileid="5" />
                <SequencePoint vc="0" uspid="117" ordinal="13" offset="64" sl="228" sc="0" el="228" ec="0" bec="0" bev="0" fileid="5" />
                <SequencePoint vc="0" uspid="118" ordinal="14" offset="70" sl="229" sc="0" el="229" ec="0" bec="0" bev="0" fileid="5" />
                <SequencePoint vc="0" uspid="119" ordinal="15" offset="74" sl="231" sc="0" el="231" ec="0" bec="0" bev="0" fileid="5" />
                <SequencePoint vc="0" uspid="120" ordinal="16" offset="78" sl="232" sc="0" el="232" ec="0" bec="0" bev="0" fileid="5" />
                <SequencePoint vc="0" uspid="121" ordinal="17" offset="80" sl="234" sc="0" el="234" ec="0" bec="0" bev="0" fileid="5" />
                <SequencePoint vc="0" uspid="122" ordinal="18" offset="86" sl="235" sc="0" el="235" ec="0" bec="0" bev="0" fileid="5" />
                <SequencePoint vc="0" uspid="123" ordinal="19" offset="90" sl="237" sc="0" el="237" ec="0" bec="2" bev="0" fileid="5" />
                <SequencePoint vc="0" uspid="124" ordinal="20" offset="103" sl="238" sc="0" el="238" ec="0" bec="0" bev="0" fileid="5" />
              </SequencePoints>
              <BranchPoints>
                <BranchPoint vc="0" uspid="125" ordinal="0" offset="6" sl="207" path="0" offsetend="8" fileid="5" />
                <BranchPoint vc="0" uspid="126" ordinal="1" offset="6" sl="207" path="1" offsetend="90" fileid="5" />
                <BranchPoint vc="0" uspid="127" ordinal="2" offset="22" sl="212" path="0" offsetend="24" fileid="5" />
                <BranchPoint vc="0" uspid="128" ordinal="3" offset="22" sl="212" path="1" offsetend="44" fileid="5" />
                <BranchPoint vc="0" uspid="129" ordinal="4" offset="26" sl="214" path="0" offsetend="28" fileid="5" />
                <BranchPoint vc="0" uspid="130" ordinal="5" offset="26" sl="214" path="1" offsetend="38" fileid="5" />
                <BranchPoint vc="0" uspid="131" ordinal="6" offset="58" sl="224" path="0" offsetend="60" fileid="5" />
                <BranchPoint vc="0" uspid="132" ordinal="7" offset="58" sl="224" path="1" offsetend="80" fileid="5" />
                <BranchPoint vc="0" uspid="133" ordinal="8" offset="62" sl="226" path="0" offsetend="64" fileid="5" />
                <BranchPoint vc="0" uspid="134" ordinal="9" offset="62" sl="226" path="1" offsetend="74" fileid="5" />
                <BranchPoint vc="0" uspid="135" ordinal="10" offset="96" sl="237" path="0" offsetend="98" fileid="5" />
                <BranchPoint vc="0" uspid="136" ordinal="11" offset="96" sl="237" path="1" offsetend="101" fileid="5" />
              </BranchPoints>
              <MethodPoint xsi:type="SequencePoint" vc="0" uspid="104" ordinal="0" offset="0" sl="207" sc="0" el="207" ec="0" bec="2" bev="0" fileid="5" />
            </Method>
            <Method visited="false" cyclomaticComplexity="6" nPathComplexity="32" sequenceCoverage="0" branchCoverage="0" crapScore="42" isConstructor="false" isStatic="true" isGetter="false" isSetter="false">
              <Summary numSequencePoints="2" visitedSequencePoints="0" numBranchPoints="11" visitedBranchPoints="0" sequenceCoverage="0" branchCoverage="0" maxCyclomaticComplexity="6" minCyclomaticComplexity="6" maxCrapScore="42" minCrapScore="42" visitedClasses="0" numClasses="0" visitedMethods="0" numMethods="1" />
              <MetadataToken>100663311</MetadataToken>
              <Name>System.Boolean modopt(System.Runtime.CompilerServices.CallConvCdecl) &lt;Module&gt;::&lt;CrtImplementationDetails&gt;.DefaultDomain.NeedsInitialization()</Name>
              <FileRef uid="5" />
              <SequencePoints>
                <SequencePoint vc="0" uspid="137" ordinal="0" offset="0" sl="243" sc="0" el="243" ec="0" bec="6" bev="0" fileid="5" />
                <SequencePoint vc="0" uspid="138" ordinal="1" offset="43" sl="244" sc="0" el="244" ec="0" bec="0" bev="0" fileid="5" />
              </SequencePoints>
              <BranchPoints>
                <BranchPoint vc="0" uspid="139" ordinal="0" offset="5" sl="243" path="0" offsetend="7" fileid="5" />
                <BranchPoint vc="0" uspid="140" ordinal="1" offset="5" sl="243" path="1" offsetend="14" fileid="5" />
                <BranchPoint vc="0" uspid="141" ordinal="2" offset="12" sl="243" path="0" offsetend="14" fileid="5" />
                <BranchPoint vc="0" uspid="142" ordinal="3" offset="12" sl="243" path="1" offsetend="39" fileid="5" />
                <BranchPoint vc="0" uspid="143" ordinal="4" offset="19" sl="243" path="0" offsetend="21" fileid="5" />
                <BranchPoint vc="0" uspid="144" ordinal="5" offset="19" sl="243" path="1" offsetend="35" fileid="5" />
                <BranchPoint vc="0" uspid="145" ordinal="6" offset="26" sl="243" path="0" offsetend="28" fileid="5" />
                <BranchPoint vc="0" uspid="146" ordinal="7" offset="26" sl="243" path="1" offsetend="35" fileid="5" />
                <BranchPoint vc="0" uspid="147" ordinal="8" offset="33" sl="243" path="0" offsetend="35" fileid="5" />
                <BranchPoint vc="0" uspid="148" ordinal="9" offset="33" sl="243" path="1" offsetend="39" fileid="5" />
              </BranchPoints>
              <MethodPoint xsi:type="SequencePoint" vc="0" uspid="137" ordinal="0" offset="0" sl="243" sc="0" el="243" ec="0" bec="6" bev="0" fileid="5" />
            </Method>
            <Method visited="true" cyclomaticComplexity="1" nPathComplexity="0" sequenceCoverage="100" branchCoverage="100" crapScore="1" isConstructor="false" isStatic="true" isGetter="false" isSetter="false">
              <Summary numSequencePoints="2" visitedSequencePoints="2" numBranchPoints="1" visitedBranchPoints="1" sequenceCoverage="100" branchCoverage="100" maxCyclomaticComplexity="1" minCyclomaticComplexity="1" maxCrapScore="1" minCrapScore="1" visitedClasses="0" numClasses="0" visitedMethods="1" numMethods="1" />
              <MetadataToken>100663312</MetadataToken>
              <Name>System.Boolean modopt(System.Runtime.CompilerServices.CallConvCdecl) &lt;Module&gt;::&lt;CrtImplementationDetails&gt;.DefaultDomain.NeedsUninitialization()</Name>
              <FileRef uid="5" />
              <SequencePoints>
                <SequencePoint vc="1" uspid="149" ordinal="0" offset="0" sl="250" sc="0" el="250" ec="0" bec="0" bev="0" fileid="5" />
                <SequencePoint vc="1" uspid="150" ordinal="1" offset="6" sl="251" sc="0" el="251" ec="0" bec="0" bev="0" fileid="5" />
              </SequencePoints>
              <BranchPoints />
              <MethodPoint xsi:type="SequencePoint" vc="1" uspid="149" ordinal="0" offset="0" sl="250" sc="0" el="250" ec="0" bec="0" bev="0" fileid="5" />
            </Method>
            <Method visited="false" cyclomaticComplexity="1" nPathComplexity="0" sequenceCoverage="0" branchCoverage="0" crapScore="2" isConstructor="false" isStatic="true" isGetter="false" isSetter="false">
              <Summary numSequencePoints="2" visitedSequencePoints="0" numBranchPoints="1" visitedBranchPoints="0" sequenceCoverage="0" branchCoverage="0" maxCyclomaticComplexity="1" minCyclomaticComplexity="1" maxCrapScore="2" minCrapScore="2" visitedClasses="0" numClasses="0" visitedMethods="0" numMethods="1" />
              <MetadataToken>100663313</MetadataToken>
              <Name>System.Void modopt(System.Runtime.CompilerServices.CallConvCdecl) &lt;Module&gt;::&lt;CrtImplementationDetails&gt;.DefaultDomain.Initialize()</Name>
              <FileRef uid="5" />
              <SequencePoints>
                <SequencePoint vc="0" uspid="151" ordinal="0" offset="0" sl="257" sc="0" el="257" ec="0" bec="0" bev="0" fileid="5" />
                <SequencePoint vc="0" uspid="152" ordinal="1" offset="11" sl="258" sc="0" el="258" ec="0" bec="0" bev="0" fileid="5" />
              </SequencePoints>
              <BranchPoints />
              <MethodPoint xsi:type="SequencePoint" vc="0" uspid="151" ordinal="0" offset="0" sl="257" sc="0" el="257" ec="0" bec="0" bev="0" fileid="5" />
            </Method>
            <Method visited="true" cyclomaticComplexity="1" nPathComplexity="0" sequenceCoverage="100" branchCoverage="100" crapScore="1" isConstructor="false" isStatic="true" isGetter="false" isSetter="false">
              <Summary numSequencePoints="1" visitedSequencePoints="1" numBranchPoints="1" visitedBranchPoints="1" sequenceCoverage="100" branchCoverage="100" maxCyclomaticComplexity="1" minCyclomaticComplexity="1" maxCrapScore="1" minCrapScore="1" visitedClasses="0" numClasses="0" visitedMethods="1" numMethods="1" />
              <MetadataToken>100663314</MetadataToken>
              <Name>System.Void &lt;Module&gt;::?A0x5ea2bff1.??__E?Initialized@CurrentDomain@&lt;CrtImplementationDetails&gt;@@$$Q2HA@@YMXXZ()</Name>
              <FileRef uid="5" />
              <SequencePoints>
                <SequencePoint vc="1" uspid="153" ordinal="0" offset="0" sl="289" sc="0" el="289" ec="0" bec="0" bev="0" fileid="5" />
              </SequencePoints>
              <BranchPoints />
              <MethodPoint xsi:type="SequencePoint" vc="1" uspid="153" ordinal="0" offset="0" sl="289" sc="0" el="289" ec="0" bec="0" bev="0" fileid="5" />
            </Method>
            <Method visited="true" cyclomaticComplexity="1" nPathComplexity="0" sequenceCoverage="100" branchCoverage="100" crapScore="1" isConstructor="false" isStatic="true" isGetter="false" isSetter="false">
              <Summary numSequencePoints="1" visitedSequencePoints="1" numBranchPoints="1" visitedBranchPoints="1" sequenceCoverage="100" branchCoverage="100" maxCyclomaticComplexity="1" minCyclomaticComplexity="1" maxCrapScore="1" minCrapScore="1" visitedClasses="0" numClasses="0" visitedMethods="1" numMethods="1" />
              <MetadataToken>100663315</MetadataToken>
              <Name>System.Void &lt;Module&gt;::?A0x5ea2bff1.??__E?Uninitialized@CurrentDomain@&lt;CrtImplementationDetails&gt;@@$$Q2HA@@YMXXZ()</Name>
              <FileRef uid="5" />
              <SequencePoints>
                <SequencePoint vc="1" uspid="154" ordinal="0" offset="0" sl="290" sc="0" el="290" ec="0" bec="0" bev="0" fileid="5" />
              </SequencePoints>
              <BranchPoints />
              <MethodPoint xsi:type="SequencePoint" vc="1" uspid="154" ordinal="0" offset="0" sl="290" sc="0" el="290" ec="0" bec="0" bev="0" fileid="5" />
            </Method>
            <Method visited="true" cyclomaticComplexity="1" nPathComplexity="0" sequenceCoverage="100" branchCoverage="100" crapScore="1" isConstructor="false" isStatic="true" isGetter="false" isSetter="false">
              <Summary numSequencePoints="1" visitedSequencePoints="1" numBranchPoints="1" visitedBranchPoints="1" sequenceCoverage="100" branchCoverage="100" maxCyclomaticComplexity="1" minCyclomaticComplexity="1" maxCrapScore="1" minCrapScore="1" visitedClasses="0" numClasses="0" visitedMethods="1" numMethods="1" />
              <MetadataToken>100663316</MetadataToken>
              <Name>System.Void &lt;Module&gt;::?A0x5ea2bff1.??__E?IsDefaultDomain@CurrentDomain@&lt;CrtImplementationDetails&gt;@@$$Q2_NA@@YMXXZ()</Name>
              <FileRef uid="5" />
              <SequencePoints>
                <SequencePoint vc="1" uspid="155" ordinal="0" offset="0" sl="291" sc="0" el="291" ec="0" bec="0" bev="0" fileid="5" />
              </SequencePoints>
              <BranchPoints />
              <MethodPoint xsi:type="SequencePoint" vc="1" uspid="155" ordinal="0" offset="0" sl="291" sc="0" el="291" ec="0" bec="0" bev="0" fileid="5" />
            </Method>
            <Method visited="true" cyclomaticComplexity="1" nPathComplexity="0" sequenceCoverage="100" branchCoverage="100" crapScore="1" isConstructor="false" isStatic="true" isGetter="false" isSetter="false">
              <Summary numSequencePoints="1" visitedSequencePoints="1" numBranchPoints="1" visitedBranchPoints="1" sequenceCoverage="100" branchCoverage="100" maxCyclomaticComplexity="1" minCyclomaticComplexity="1" maxCrapScore="1" minCrapScore="1" visitedClasses="0" numClasses="0" visitedMethods="1" numMethods="1" />
              <MetadataToken>100663317</MetadataToken>
              <Name>System.Void &lt;Module&gt;::?A0x5ea2bff1.??__E?InitializedVtables@CurrentDomain@&lt;CrtImplementationDetails&gt;@@$$Q2W4Progress@2@A@@YMXXZ()</Name>
              <FileRef uid="5" />
              <SequencePoints>
                <SequencePoint vc="1" uspid="156" ordinal="0" offset="0" sl="292" sc="0" el="292" ec="0" bec="0" bev="0" fileid="5" />
              </SequencePoints>
              <BranchPoints />
              <MethodPoint xsi:type="SequencePoint" vc="1" uspid="156" ordinal="0" offset="0" sl="292" sc="0" el="292" ec="0" bec="0" bev="0" fileid="5" />
            </Method>
            <Method visited="true" cyclomaticComplexity="1" nPathComplexity="0" sequenceCoverage="100" branchCoverage="100" crapScore="1" isConstructor="false" isStatic="true" isGetter="false" isSetter="false">
              <Summary numSequencePoints="1" visitedSequencePoints="1" numBranchPoints="1" visitedBranchPoints="1" sequenceCoverage="100" branchCoverage="100" maxCyclomaticComplexity="1" minCyclomaticComplexity="1" maxCrapScore="1" minCrapScore="1" visitedClasses="0" numClasses="0" visitedMethods="1" numMethods="1" />
              <MetadataToken>100663318</MetadataToken>
              <Name>System.Void &lt;Module&gt;::?A0x5ea2bff1.??__E?InitializedNative@CurrentDomain@&lt;CrtImplementationDetails&gt;@@$$Q2W4Progress@2@A@@YMXXZ()</Name>
              <FileRef uid="5" />
              <SequencePoints>
                <SequencePoint vc="1" uspid="157" ordinal="0" offset="0" sl="293" sc="0" el="293" ec="0" bec="0" bev="0" fileid="5" />
              </SequencePoints>
              <BranchPoints />
              <MethodPoint xsi:type="SequencePoint" vc="1" uspid="157" ordinal="0" offset="0" sl="293" sc="0" el="293" ec="0" bec="0" bev="0" fileid="5" />
            </Method>
            <Method visited="true" cyclomaticComplexity="1" nPathComplexity="0" sequenceCoverage="100" branchCoverage="100" crapScore="1" isConstructor="false" isStatic="true" isGetter="false" isSetter="false">
              <Summary numSequencePoints="1" visitedSequencePoints="1" numBranchPoints="1" visitedBranchPoints="1" sequenceCoverage="100" branchCoverage="100" maxCyclomaticComplexity="1" minCyclomaticComplexity="1" maxCrapScore="1" minCrapScore="1" visitedClasses="0" numClasses="0" visitedMethods="1" numMethods="1" />
              <MetadataToken>100663319</MetadataToken>
              <Name>System.Void &lt;Module&gt;::?A0x5ea2bff1.??__E?InitializedPerProcess@CurrentDomain@&lt;CrtImplementationDetails&gt;@@$$Q2W4Progress@2@A@@YMXXZ()</Name>
              <FileRef uid="5" />
              <SequencePoints>
                <SequencePoint vc="1" uspid="158" ordinal="0" offset="0" sl="294" sc="0" el="294" ec="0" bec="0" bev="0" fileid="5" />
              </SequencePoints>
              <BranchPoints />
              <MethodPoint xsi:type="SequencePoint" vc="1" uspid="158" ordinal="0" offset="0" sl="294" sc="0" el="294" ec="0" bec="0" bev="0" fileid="5" />
            </Method>
            <Method visited="true" cyclomaticComplexity="1" nPathComplexity="0" sequenceCoverage="100" branchCoverage="100" crapScore="1" isConstructor="false" isStatic="true" isGetter="false" isSetter="false">
              <Summary numSequencePoints="1" visitedSequencePoints="1" numBranchPoints="1" visitedBranchPoints="1" sequenceCoverage="100" branchCoverage="100" maxCyclomaticComplexity="1" minCyclomaticComplexity="1" maxCrapScore="1" minCrapScore="1" visitedClasses="0" numClasses="0" visitedMethods="1" numMethods="1" />
              <MetadataToken>100663320</MetadataToken>
              <Name>System.Void &lt;Module&gt;::?A0x5ea2bff1.??__E?InitializedPerAppDomain@CurrentDomain@&lt;CrtImplementationDetails&gt;@@$$Q2W4Progress@2@A@@YMXXZ()</Name>
              <FileRef uid="5" />
              <SequencePoints>
                <SequencePoint vc="1" uspid="159" ordinal="0" offset="0" sl="295" sc="0" el="295" ec="0" bec="0" bev="0" fileid="5" />
              </SequencePoints>
              <BranchPoints />
              <MethodPoint xsi:type="SequencePoint" vc="1" uspid="159" ordinal="0" offset="0" sl="295" sc="0" el="295" ec="0" bec="0" bev="0" fileid="5" />
            </Method>
            <Method visited="true" cyclomaticComplexity="1" nPathComplexity="0" sequenceCoverage="100" branchCoverage="100" crapScore="1" isConstructor="false" isStatic="true" isGetter="false" isSetter="false">
              <Summary numSequencePoints="5" visitedSequencePoints="5" numBranchPoints="1" visitedBranchPoints="1" sequenceCoverage="100" branchCoverage="100" maxCyclomaticComplexity="1" minCyclomaticComplexity="1" maxCrapScore="1" minCrapScore="1" visitedClasses="0" numClasses="0" visitedMethods="1" numMethods="1" />
              <MetadataToken>100663321</MetadataToken>
              <Name>System.Void modopt(System.Runtime.CompilerServices.CallConvThiscall) &lt;Module&gt;::&lt;CrtImplementationDetails&gt;.LanguageSupport.InitializeVtables(&lt;CrtImplementationDetails&gt;.LanguageSupport* modopt(System.Runtime.CompilerServices.IsConst) modopt(System.Runtime.CompilerServices.IsConst))</Name>
              <FileRef uid="5" />
              <SequencePoints>
                <SequencePoint vc="1" uspid="160" ordinal="0" offset="0" sl="309" sc="0" el="309" ec="0" bec="0" bev="0" fileid="5" />
                <SequencePoint vc="1" uspid="161" ordinal="1" offset="12" sl="310" sc="0" el="310" ec="0" bec="0" bev="0" fileid="5" />
                <SequencePoint vc="1" uspid="162" ordinal="2" offset="18" sl="311" sc="0" el="311" ec="0" bec="0" bev="0" fileid="5" />
                <SequencePoint vc="1" uspid="163" ordinal="3" offset="33" sl="312" sc="0" el="312" ec="0" bec="0" bev="0" fileid="5" />
                <SequencePoint vc="1" uspid="164" ordinal="4" offset="39" sl="313" sc="0" el="313" ec="0" bec="0" bev="0" fileid="5" />
              </SequencePoints>
              <BranchPoints />
              <MethodPoint xsi:type="SequencePoint" vc="1" uspid="160" ordinal="0" offset="0" sl="309" sc="0" el="309" ec="0" bec="0" bev="0" fileid="5" />
            </Method>
            <Method visited="false" cyclomaticComplexity="1" nPathComplexity="0" sequenceCoverage="0" branchCoverage="0" crapScore="2" isConstructor="false" isStatic="true" isGetter="false" isSetter="false">
              <Summary numSequencePoints="3" visitedSequencePoints="0" numBranchPoints="1" visitedBranchPoints="0" sequenceCoverage="0" branchCoverage="0" maxCyclomaticComplexity="1" minCyclomaticComplexity="1" maxCrapScore="2" minCrapScore="2" visitedClasses="0" numClasses="0" visitedMethods="0" numMethods="1" />
              <MetadataToken>100663322</MetadataToken>
              <Name>System.Void modopt(System.Runtime.CompilerServices.CallConvThiscall) &lt;Module&gt;::&lt;CrtImplementationDetails&gt;.LanguageSupport.InitializeDefaultAppDomain(&lt;CrtImplementationDetails&gt;.LanguageSupport* modopt(System.Runtime.CompilerServices.IsConst) modopt(System.Runtime.CompilerServices.IsConst))</Name>
              <FileRef uid="5" />
              <SequencePoints>
                <SequencePoint vc="0" uspid="165" ordinal="0" offset="0" sl="321" sc="0" el="321" ec="0" bec="0" bev="0" fileid="5" />
                <SequencePoint vc="0" uspid="166" ordinal="1" offset="12" sl="322" sc="0" el="322" ec="0" bec="0" bev="0" fileid="5" />
                <SequencePoint vc="0" uspid="167" ordinal="2" offset="17" sl="323" sc="0" el="323" ec="0" bec="0" bev="0" fileid="5" />
              </SequencePoints>
              <BranchPoints />
              <MethodPoint xsi:type="SequencePoint" vc="0" uspid="165" ordinal="0" offset="0" sl="321" sc="0" el="321" ec="0" bec="0" bev="0" fileid="5" />
            </Method>
            <Method visited="true" cyclomaticComplexity="5" nPathComplexity="16" sequenceCoverage="78.95" branchCoverage="55.56" crapScore="5.23" isConstructor="false" isStatic="true" isGetter="false" isSetter="false">
              <Summary numSequencePoints="19" visitedSequencePoints="15" numBranchPoints="9" visitedBranchPoints="5" sequenceCoverage="78.95" branchCoverage="55.56" maxCyclomaticComplexity="5" minCyclomaticComplexity="5" maxCrapScore="5.23" minCrapScore="5.23" visitedClasses="0" numClasses="0" visitedMethods="1" numMethods="1" />
              <MetadataToken>100663323</MetadataToken>
              <Name>System.Void modopt(System.Runtime.CompilerServices.CallConvThiscall) &lt;Module&gt;::&lt;CrtImplementationDetails&gt;.LanguageSupport.InitializeNative(&lt;CrtImplementationDetails&gt;.LanguageSupport* modopt(System.Runtime.CompilerServices.IsConst) modopt(System.Runtime.CompilerServices.IsConst))</Name>
              <FileRef uid="5" />
              <SequencePoints>
                <SequencePoint vc="1" uspid="168" ordinal="0" offset="0" sl="330" sc="0" el="330" ec="0" bec="0" bev="0" fileid="5" />
                <SequencePoint vc="1" uspid="169" ordinal="1" offset="15" sl="332" sc="0" el="332" ec="0" bec="0" bev="0" fileid="5" />
                <SequencePoint vc="1" uspid="170" ordinal="2" offset="27" sl="334" sc="0" el="334" ec="0" bec="0" bev="0" fileid="5" />
                <SequencePoint vc="1" uspid="171" ordinal="3" offset="32" sl="336" sc="0" el="336" ec="0" bec="0" bev="0" fileid="5" />
                <SequencePoint vc="1" uspid="172" ordinal="4" offset="38" sl="338" sc="0" el="338" ec="0" bec="2" bev="1" fileid="5" />
                <SequencePoint vc="0" uspid="173" ordinal="5" offset="45" sl="340" sc="0" el="340" ec="0" bec="0" bev="0" fileid="5" />
                <SequencePoint vc="1" uspid="174" ordinal="6" offset="50" sl="346" sc="0" el="346" ec="0" bec="2" bev="1" fileid="5" />
                <SequencePoint vc="0" uspid="175" ordinal="7" offset="58" sl="348" sc="0" el="348" ec="0" bec="0" bev="0" fileid="5" />
                <SequencePoint vc="0" uspid="176" ordinal="8" offset="63" sl="349" sc="0" el="349" ec="0" bec="0" bev="0" fileid="5" />
                <SequencePoint vc="1" uspid="177" ordinal="9" offset="65" sl="350" sc="0" el="350" ec="0" bec="2" bev="1" fileid="5" />
                <SequencePoint vc="1" uspid="178" ordinal="10" offset="72" sl="352" sc="0" el="352" ec="0" bec="0" bev="0" fileid="5" />
                <SequencePoint vc="1" uspid="179" ordinal="11" offset="78" sl="353" sc="0" el="353" ec="0" bec="0" bev="0" fileid="5" />
                <SequencePoint vc="1" uspid="180" ordinal="12" offset="84" sl="354" sc="0" el="354" ec="0" bec="2" bev="1" fileid="5" />
                <SequencePoint vc="0" uspid="181" ordinal="13" offset="101" sl="356" sc="0" el="356" ec="0" bec="0" bev="0" fileid="5" />
                <SequencePoint vc="1" uspid="182" ordinal="14" offset="112" sl="359" sc="0" el="359" ec="0" bec="0" bev="0" fileid="5" />
                <SequencePoint vc="1" uspid="183" ordinal="15" offset="127" sl="360" sc="0" el="360" ec="0" bec="0" bev="0" fileid="5" />
                <SequencePoint vc="1" uspid="184" ordinal="16" offset="133" sl="361" sc="0" el="361" ec="0" bec="0" bev="0" fileid="5" />
                <SequencePoint vc="1" uspid="185" ordinal="17" offset="139" sl="362" sc="0" el="362" ec="0" bec="0" bev="0" fileid="5" />
                <SequencePoint vc="1" uspid="186" ordinal="18" offset="145" sl="364" sc="0" el="364" ec="0" bec="0" bev="0" fileid="5" />
              </SequencePoints>
              <BranchPoints>
                <BranchPoint vc="0" uspid="187" ordinal="0" offset="43" sl="338" path="0" offsetend="45" fileid="5" />
                <BranchPoint vc="1" uspid="188" ordinal="1" offset="43" sl="338" path="1" offsetend="50" fileid="5" />
                <BranchPoint vc="0" uspid="189" ordinal="2" offset="56" sl="346" path="0" offsetend="58" fileid="5" />
                <BranchPoint vc="1" uspid="190" ordinal="3" offset="56" sl="346" path="1" offsetend="65" fileid="5" />
                <BranchPoint vc="1" uspid="191" ordinal="4" offset="70" sl="350" path="0" offsetend="72" fileid="5" />
                <BranchPoint vc="0" uspid="192" ordinal="5" offset="70" sl="350" path="1" offsetend="145" fileid="5" />
                <BranchPoint vc="0" uspid="193" ordinal="6" offset="99" sl="354" path="0" offsetend="101" fileid="5" />
                <BranchPoint vc="1" uspid="194" ordinal="7" offset="99" sl="354" path="1" offsetend="112" fileid="5" />
              </BranchPoints>
              <MethodPoint xsi:type="SequencePoint" vc="1" uspid="168" ordinal="0" offset="0" sl="330" sc="0" el="330" ec="0" bec="0" bev="0" fileid="5" />
            </Method>
            <Method visited="true" cyclomaticComplexity="1" nPathComplexity="0" sequenceCoverage="100" branchCoverage="100" crapScore="1" isConstructor="false" isStatic="true" isGetter="false" isSetter="false">
              <Summary numSequencePoints="8" visitedSequencePoints="8" numBranchPoints="1" visitedBranchPoints="1" sequenceCoverage="100" branchCoverage="100" maxCyclomaticComplexity="1" minCyclomaticComplexity="1" maxCrapScore="1" minCrapScore="1" visitedClasses="0" numClasses="0" visitedMethods="1" numMethods="1" />
              <MetadataToken>100663324</MetadataToken>
              <Name>System.Void modopt(System.Runtime.CompilerServices.CallConvThiscall) &lt;Module&gt;::&lt;CrtImplementationDetails&gt;.LanguageSupport.InitializePerProcess(&lt;CrtImplementationDetails&gt;.LanguageSupport* modopt(System.Runtime.CompilerServices.IsConst) modopt(System.Runtime.CompilerServices.IsConst))</Name>
              <FileRef uid="5" />
              <SequencePoints>
                <SequencePoint vc="1" uspid="195" ordinal="0" offset="0" sl="371" sc="0" el="371" ec="0" bec="0" bev="0" fileid="5" />
                <SequencePoint vc="1" uspid="196" ordinal="1" offset="15" sl="373" sc="0" el="373" ec="0" bec="0" bev="0" fileid="5" />
                <SequencePoint vc="1" uspid="197" ordinal="2" offset="27" sl="375" sc="0" el="375" ec="0" bec="0" bev="0" fileid="5" />
                <SequencePoint vc="1" uspid="198" ordinal="3" offset="33" sl="377" sc="0" el="377" ec="0" bec="0" bev="0" fileid="5" />
                <SequencePoint vc="1" uspid="199" ordinal="4" offset="39" sl="379" sc="0" el="379" ec="0" bec="0" bev="0" fileid="5" />
                <SequencePoint vc="1" uspid="200" ordinal="5" offset="54" sl="381" sc="0" el="381" ec="0" bec="0" bev="0" fileid="5" />
                <SequencePoint vc="1" uspid="201" ordinal="6" offset="60" sl="383" sc="0" el="383" ec="0" bec="0" bev="0" fileid="5" />
                <SequencePoint vc="1" uspid="202" ordinal="7" offset="66" sl="384" sc="0" el="384" ec="0" bec="0" bev="0" fileid="5" />
              </SequencePoints>
              <BranchPoints />
              <MethodPoint xsi:type="SequencePoint" vc="1" uspid="195" ordinal="0" offset="0" sl="371" sc="0" el="371" ec="0" bec="0" bev="0" fileid="5" />
            </Method>
            <Method visited="true" cyclomaticComplexity="1" nPathComplexity="0" sequenceCoverage="100" branchCoverage="100" crapScore="1" isConstructor="false" isStatic="true" isGetter="false" isSetter="false">
              <Summary numSequencePoints="6" visitedSequencePoints="6" numBranchPoints="1" visitedBranchPoints="1" sequenceCoverage="100" branchCoverage="100" maxCyclomaticComplexity="1" minCyclomaticComplexity="1" maxCrapScore="1" minCrapScore="1" visitedClasses="0" numClasses="0" visitedMethods="1" numMethods="1" />
              <MetadataToken>100663325</MetadataToken>
              <Name>System.Void modopt(System.Runtime.CompilerServices.CallConvThiscall) &lt;Module&gt;::&lt;CrtImplementationDetails&gt;.LanguageSupport.InitializePerAppDomain(&lt;CrtImplementationDetails&gt;.LanguageSupport* modopt(System.Runtime.CompilerServices.IsConst) modopt(System.Runtime.CompilerServices.IsConst))</Name>
              <FileRef uid="5" />
              <SequencePoints>
                <SequencePoint vc="1" uspid="203" ordinal="0" offset="0" sl="507" sc="0" el="507" ec="0" bec="0" bev="0" fileid="5" />
                <SequencePoint vc="1" uspid="204" ordinal="1" offset="12" sl="509" sc="0" el="509" ec="0" bec="0" bev="0" fileid="5" />
                <SequencePoint vc="1" uspid="205" ordinal="2" offset="18" sl="521" sc="0" el="521" ec="0" bec="0" bev="0" fileid="5" />
                <SequencePoint vc="1" uspid="206" ordinal="3" offset="24" sl="523" sc="0" el="523" ec="0" bec="0" bev="0" fileid="5" />
                <SequencePoint vc="1" uspid="207" ordinal="4" offset="39" sl="525" sc="0" el="525" ec="0" bec="0" bev="0" fileid="5" />
                <SequencePoint vc="1" uspid="208" ordinal="5" offset="45" sl="526" sc="0" el="526" ec="0" bec="0" bev="0" fileid="5" />
              </SequencePoints>
              <BranchPoints />
              <MethodPoint xsi:type="SequencePoint" vc="1" uspid="203" ordinal="0" offset="0" sl="507" sc="0" el="507" ec="0" bec="0" bev="0" fileid="5" />
            </Method>
            <Method visited="true" cyclomaticComplexity="1" nPathComplexity="0" sequenceCoverage="100" branchCoverage="100" crapScore="1" isConstructor="false" isStatic="true" isGetter="false" isSetter="false">
              <Summary numSequencePoints="5" visitedSequencePoints="5" numBranchPoints="1" visitedBranchPoints="1" sequenceCoverage="100" branchCoverage="100" maxCyclomaticComplexity="1" minCyclomaticComplexity="1" maxCrapScore="1" minCrapScore="1" visitedClasses="0" numClasses="0" visitedMethods="1" numMethods="1" />
              <MetadataToken>100663326</MetadataToken>
              <Name>System.Void modopt(System.Runtime.CompilerServices.CallConvThiscall) &lt;Module&gt;::&lt;CrtImplementationDetails&gt;.LanguageSupport.InitializeUninitializer(&lt;CrtImplementationDetails&gt;.LanguageSupport* modopt(System.Runtime.CompilerServices.IsConst) modopt(System.Runtime.CompilerServices.IsConst))</Name>
              <FileRef uid="5" />
              <SequencePoints>
                <SequencePoint vc="1" uspid="209" ordinal="0" offset="0" sl="532" sc="0" el="532" ec="0" bec="0" bev="0" fileid="5" />
                <SequencePoint vc="1" uspid="210" ordinal="1" offset="2" sl="533" sc="0" el="533" ec="0" bec="0" bev="0" fileid="5" />
                <SequencePoint vc="1" uspid="211" ordinal="2" offset="14" sl="534" sc="0" el="534" ec="0" bec="0" bev="0" fileid="5" />
                <SequencePoint vc="1" uspid="212" ordinal="3" offset="27" sl="535" sc="0" el="535" ec="0" bec="0" bev="0" fileid="5" />
                <SequencePoint vc="1" uspid="213" ordinal="4" offset="33" sl="536" sc="0" el="536" ec="0" bec="0" bev="0" fileid="5" />
              </SequencePoints>
              <BranchPoints />
              <MethodPoint xsi:type="SequencePoint" vc="1" uspid="209" ordinal="0" offset="0" sl="532" sc="0" el="532" ec="0" bec="0" bev="0" fileid="5" />
            </Method>
            <Method visited="true" cyclomaticComplexity="10" nPathComplexity="512" sequenceCoverage="82.05" branchCoverage="47.37" crapScore="10.58" isConstructor="false" isStatic="true" isGetter="false" isSetter="false">
              <Summary numSequencePoints="39" visitedSequencePoints="32" numBranchPoints="19" visitedBranchPoints="9" sequenceCoverage="82.05" branchCoverage="47.37" maxCyclomaticComplexity="10" minCyclomaticComplexity="10" maxCrapScore="10.58" minCrapScore="10.58" visitedClasses="0" numClasses="0" visitedMethods="1" numMethods="1" />
              <MetadataToken>100663327</MetadataToken>
              <Name>System.Void modopt(System.Runtime.CompilerServices.CallConvThiscall) &lt;Module&gt;::&lt;CrtImplementationDetails&gt;.LanguageSupport._Initialize(&lt;CrtImplementationDetails&gt;.LanguageSupport* modopt(System.Runtime.CompilerServices.IsConst) modopt(System.Runtime.CompilerServices.IsConst))</Name>
              <FileRef uid="5" />
              <SequencePoints>
                <SequencePoint vc="1" uspid="214" ordinal="0" offset="0" sl="546" sc="0" el="546" ec="0" bec="0" bev="0" fileid="5" />
                <SequencePoint vc="1" uspid="215" ordinal="1" offset="15" sl="548" sc="0" el="548" ec="0" bec="2" bev="1" fileid="5" />
                <SequencePoint vc="1" uspid="216" ordinal="2" offset="22" sl="550" sc="0" el="550" ec="0" bec="0" bev="0" fileid="5" />
                <SequencePoint vc="1" uspid="217" ordinal="3" offset="28" sl="555" sc="0" el="555" ec="0" bec="0" bev="0" fileid="5" />
                <SequencePoint vc="1" uspid="218" ordinal="4" offset="30" sl="556" sc="0" el="556" ec="0" bec="0" bev="0" fileid="5" />
                <SequencePoint vc="1" uspid="219" ordinal="5" offset="37" sl="557" sc="0" el="557" ec="0" bec="0" bev="0" fileid="5" />
                <SequencePoint vc="1" uspid="220" ordinal="6" offset="39" sl="558" sc="0" el="558" ec="0" bec="0" bev="0" fileid="5" />
                <SequencePoint vc="1" uspid="221" ordinal="7" offset="41" sl="559" sc="0" el="559" ec="0" bec="0" bev="0" fileid="5" />
                <SequencePoint vc="1" uspid="222" ordinal="8" offset="43" sl="560" sc="0" el="560" ec="0" bec="0" bev="0" fileid="5" />
                <SequencePoint vc="2" uspid="223" ordinal="9" offset="48" sl="565" sc="0" el="565" ec="0" bec="2" bev="2" fileid="5" />
                <SequencePoint vc="1" uspid="224" ordinal="10" offset="51" sl="567" sc="0" el="567" ec="0" bec="0" bev="0" fileid="5" />
                <SequencePoint vc="1" uspid="225" ordinal="11" offset="53" sl="573" sc="0" el="573" ec="0" bec="0" bev="0" fileid="5" />
                <SequencePoint vc="1" uspid="226" ordinal="12" offset="90" sl="575" sc="0" el="575" ec="0" bec="2" bev="1" fileid="5" />
                <SequencePoint vc="1" uspid="227" ordinal="13" offset="93" sl="577" sc="0" el="577" ec="0" bec="0" bev="0" fileid="5" />
                <SequencePoint vc="1" uspid="228" ordinal="14" offset="95" sl="578" sc="0" el="578" ec="0" bec="0" bev="0" fileid="5" />
                <SequencePoint vc="0" uspid="229" ordinal="15" offset="97" sl="579" sc="0" el="579" ec="0" bec="2" bev="0" fileid="5" />
                <SequencePoint vc="0" uspid="230" ordinal="16" offset="102" sl="581" sc="0" el="581" ec="0" bec="0" bev="0" fileid="5" />
                <SequencePoint vc="0" uspid="231" ordinal="17" offset="104" sl="582" sc="0" el="582" ec="0" bec="0" bev="0" fileid="5" />
                <SequencePoint vc="1" uspid="232" ordinal="18" offset="106" sl="567" sc="0" el="567" ec="0" bec="0" bev="0" fileid="5" />
                <SequencePoint vc="1" uspid="233" ordinal="19" offset="107" sl="586" sc="0" el="586" ec="0" bec="2" bev="1" fileid="5" />
                <SequencePoint vc="0" uspid="234" ordinal="20" offset="110" sl="590" sc="0" el="590" ec="0" bec="0" bev="0" fileid="5" />
                <SequencePoint vc="1" uspid="235" ordinal="21" offset="120" sl="592" sc="0" el="592" ec="0" bec="0" bev="0" fileid="5" />
                <SequencePoint vc="1" uspid="236" ordinal="22" offset="122" sl="594" sc="0" el="594" ec="0" bec="0" bev="0" fileid="5" />
                <SequencePoint vc="1" uspid="237" ordinal="23" offset="128" sl="596" sc="0" el="596" ec="0" bec="2" bev="1" fileid="5" />
                <SequencePoint vc="1" uspid="238" ordinal="24" offset="135" sl="598" sc="0" el="598" ec="0" bec="0" bev="0" fileid="5" />
                <SequencePoint vc="1" uspid="239" ordinal="25" offset="141" sl="599" sc="0" el="599" ec="0" bec="0" bev="0" fileid="5" />
                <SequencePoint vc="1" uspid="240" ordinal="26" offset="147" sl="600" sc="0" el="600" ec="0" bec="0" bev="0" fileid="5" />
                <SequencePoint vc="0" uspid="241" ordinal="27" offset="149" sl="601" sc="0" el="601" ec="0" bec="2" bev="0" fileid="5" />
                <SequencePoint vc="0" uspid="242" ordinal="28" offset="156" sl="617" sc="0" el="617" ec="0" bec="0" bev="0" fileid="5" />
                <SequencePoint vc="1" uspid="243" ordinal="29" offset="158" sl="619" sc="0" el="619" ec="0" bec="0" bev="0" fileid="5" />
                <SequencePoint vc="1" uspid="244" ordinal="30" offset="160" sl="622" sc="0" el="622" ec="0" bec="2" bev="1" fileid="5" />
                <SequencePoint vc="1" uspid="245" ordinal="31" offset="163" sl="627" sc="0" el="627" ec="0" bec="0" bev="0" fileid="5" />
                <SequencePoint vc="1" uspid="246" ordinal="32" offset="185" sl="619" sc="0" el="619" ec="0" bec="0" bev="0" fileid="5" />
                <SequencePoint vc="1" uspid="247" ordinal="33" offset="186" sl="640" sc="0" el="640" ec="0" bec="2" bev="1" fileid="5" />
                <SequencePoint vc="0" uspid="248" ordinal="34" offset="189" sl="642" sc="0" el="642" ec="0" bec="0" bev="0" fileid="5" />
                <SequencePoint vc="1" uspid="249" ordinal="35" offset="195" sl="649" sc="0" el="649" ec="0" bec="0" bev="0" fileid="5" />
                <SequencePoint vc="1" uspid="250" ordinal="36" offset="201" sl="651" sc="0" el="651" ec="0" bec="0" bev="0" fileid="5" />
                <SequencePoint vc="1" uspid="251" ordinal="37" offset="207" sl="653" sc="0" el="653" ec="0" bec="0" bev="0" fileid="5" />
                <SequencePoint vc="1" uspid="252" ordinal="38" offset="213" sl="654" sc="0" el="654" ec="0" bec="0" bev="0" fileid="5" />
              </SequencePoints>
              <BranchPoints>
                <BranchPoint vc="1" uspid="253" ordinal="0" offset="20" sl="548" path="0" offsetend="22" fileid="5" />
                <BranchPoint vc="0" uspid="254" ordinal="1" offset="20" sl="548" path="1" offsetend="28" fileid="5" />
                <BranchPoint vc="1" uspid="255" ordinal="2" offset="49" sl="565" path="0" offsetend="51" fileid="5" />
                <BranchPoint vc="1" uspid="256" ordinal="3" offset="49" sl="565" path="1" offsetend="122" fileid="5" />
                <BranchPoint vc="1" uspid="257" ordinal="4" offset="91" sl="575" path="0" offsetend="93" fileid="5" />
                <BranchPoint vc="0" uspid="258" ordinal="5" offset="91" sl="575" path="1" offsetend="97" fileid="5" />
                <BranchPoint vc="0" uspid="259" ordinal="6" offset="100" sl="579" path="0" offsetend="102" fileid="5" />
                <BranchPoint vc="0" uspid="260" ordinal="7" offset="100" sl="579" path="1" offsetend="106" fileid="5" />
                <BranchPoint vc="0" uspid="261" ordinal="8" offset="108" sl="586" path="0" offsetend="110" fileid="5" />
                <BranchPoint vc="1" uspid="262" ordinal="9" offset="108" sl="586" path="1" offsetchain="120" offsetend="48" fileid="5" />
                <BranchPoint vc="1" uspid="263" ordinal="10" offset="133" sl="596" path="0" offsetend="135" fileid="5" />
                <BranchPoint vc="0" uspid="264" ordinal="11" offset="133" sl="596" path="1" offsetend="149" fileid="5" />
                <BranchPoint vc="0" uspid="265" ordinal="12" offset="154" sl="601" path="0" offsetend="156" fileid="5" />
                <BranchPoint vc="0" uspid="266" ordinal="13" offset="154" sl="601" path="1" offsetend="158" fileid="5" />
                <BranchPoint vc="1" uspid="267" ordinal="14" offset="161" sl="622" path="0" offsetend="163" fileid="5" />
                <BranchPoint vc="0" uspid="268" ordinal="15" offset="161" sl="622" path="1" offsetend="185" fileid="5" />
                <BranchPoint vc="0" uspid="269" ordinal="16" offset="187" sl="640" path="0" offsetend="189" fileid="5" />
                <BranchPoint vc="1" uspid="270" ordinal="17" offset="187" sl="640" path="1" offsetend="195" fileid="5" />
              </BranchPoints>
              <MethodPoint xsi:type="SequencePoint" vc="1" uspid="214" ordinal="0" offset="0" sl="546" sc="0" el="546" ec="0" bec="0" bev="0" fileid="5" />
            </Method>
            <Method visited="true" cyclomaticComplexity="1" nPathComplexity="0" sequenceCoverage="100" branchCoverage="100" crapScore="1" isConstructor="false" isStatic="true" isGetter="false" isSetter="false">
              <Summary numSequencePoints="2" visitedSequencePoints="2" numBranchPoints="1" visitedBranchPoints="1" sequenceCoverage="100" branchCoverage="100" maxCyclomaticComplexity="1" minCyclomaticComplexity="1" maxCrapScore="1" minCrapScore="1" visitedClasses="0" numClasses="0" visitedMethods="1" numMethods="1" />
              <MetadataToken>100663328</MetadataToken>
              <Name>System.Void modopt(System.Runtime.CompilerServices.CallConvCdecl) &lt;Module&gt;::&lt;CrtImplementationDetails&gt;.LanguageSupport.UninitializeAppDomain()</Name>
              <FileRef uid="5" />
              <SequencePoints>
                <SequencePoint vc="1" uspid="271" ordinal="0" offset="0" sl="660" sc="0" el="660" ec="0" bec="0" bev="0" fileid="5" />
                <SequencePoint vc="1" uspid="272" ordinal="1" offset="5" sl="661" sc="0" el="661" ec="0" bec="0" bev="0" fileid="5" />
              </SequencePoints>
              <BranchPoints />
              <MethodPoint xsi:type="SequencePoint" vc="1" uspid="271" ordinal="0" offset="0" sl="660" sc="0" el="660" ec="0" bec="0" bev="0" fileid="5" />
            </Method>
            <Method visited="true" cyclomaticComplexity="2" nPathComplexity="2" sequenceCoverage="100" branchCoverage="66.67" crapScore="2" isConstructor="false" isStatic="true" isGetter="false" isSetter="false">
              <Summary numSequencePoints="10" visitedSequencePoints="10" numBranchPoints="3" visitedBranchPoints="2" sequenceCoverage="100" branchCoverage="66.67" maxCyclomaticComplexity="2" minCyclomaticComplexity="2" maxCrapScore="2" minCrapScore="2" visitedClasses="0" numClasses="0" visitedMethods="1" numMethods="1" />
              <MetadataToken>100663329</MetadataToken>
              <Name>System.Int32 modopt(System.Runtime.CompilerServices.IsLong) modopt(System.Runtime.CompilerServices.CallConvStdcall) &lt;Module&gt;::&lt;CrtImplementationDetails&gt;.LanguageSupport._UninitializeDefaultDomain(System.Void*)</Name>
              <FileRef uid="5" />
              <SequencePoints>
                <SequencePoint vc="1" uspid="273" ordinal="0" offset="0" sl="669" sc="0" el="669" ec="0" bec="0" bev="0" fileid="5" />
                <SequencePoint vc="1" uspid="274" ordinal="1" offset="24" sl="672" sc="0" el="672" ec="0" bec="0" bev="0" fileid="5" />
                <SequencePoint vc="1" uspid="275" ordinal="2" offset="29" sl="674" sc="0" el="674" ec="0" bec="0" bev="0" fileid="5" />
                <SequencePoint vc="1" uspid="276" ordinal="3" offset="35" sl="676" sc="0" el="676" ec="0" bec="2" bev="1" fileid="5" />
                <SequencePoint vc="1" uspid="277" ordinal="4" offset="42" sl="679" sc="0" el="679" ec="0" bec="0" bev="0" fileid="5" />
                <SequencePoint vc="1" uspid="278" ordinal="5" offset="47" sl="680" sc="0" el="680" ec="0" bec="0" bev="0" fileid="5" />
                <SequencePoint vc="1" uspid="279" ordinal="6" offset="53" sl="682" sc="0" el="682" ec="0" bec="0" bev="0" fileid="5" />
                <SequencePoint vc="1" uspid="280" ordinal="7" offset="59" sl="685" sc="0" el="685" ec="0" bec="0" bev="0" fileid="5" />
                <SequencePoint vc="1" uspid="281" ordinal="8" offset="65" sl="687" sc="0" el="687" ec="0" bec="0" bev="0" fileid="5" />
                <SequencePoint vc="1" uspid="282" ordinal="9" offset="67" sl="688" sc="0" el="688" ec="0" bec="0" bev="0" fileid="5" />
              </SequencePoints>
              <BranchPoints>
                <BranchPoint vc="1" uspid="283" ordinal="0" offset="40" sl="676" path="0" offsetend="42" fileid="5" />
                <BranchPoint vc="0" uspid="284" ordinal="1" offset="40" sl="676" path="1" offsetend="59" fileid="5" />
              </BranchPoints>
              <MethodPoint xsi:type="SequencePoint" vc="1" uspid="273" ordinal="0" offset="0" sl="669" sc="0" el="669" ec="0" bec="0" bev="0" fileid="5" />
            </Method>
            <Method visited="true" cyclomaticComplexity="3" nPathComplexity="4" sequenceCoverage="83.33" branchCoverage="60" crapScore="3.04" isConstructor="false" isStatic="true" isGetter="false" isSetter="false">
              <Summary numSequencePoints="6" visitedSequencePoints="5" numBranchPoints="5" visitedBranchPoints="3" sequenceCoverage="83.33" branchCoverage="60" maxCyclomaticComplexity="3" minCyclomaticComplexity="3" maxCrapScore="3.04" minCrapScore="3.04" visitedClasses="0" numClasses="0" visitedMethods="1" numMethods="1" />
              <MetadataToken>100663330</MetadataToken>
              <Name>System.Void modopt(System.Runtime.CompilerServices.CallConvCdecl) &lt;Module&gt;::&lt;CrtImplementationDetails&gt;.LanguageSupport.UninitializeDefaultDomain()</Name>
              <FileRef uid="5" />
              <SequencePoints>
                <SequencePoint vc="1" uspid="285" ordinal="0" offset="0" sl="693" sc="0" el="693" ec="0" bec="2" bev="1" fileid="5" />
                <SequencePoint vc="1" uspid="286" ordinal="1" offset="7" sl="695" sc="0" el="695" ec="0" bec="2" bev="1" fileid="5" />
                <SequencePoint vc="1" uspid="287" ordinal="2" offset="19" sl="697" sc="0" el="697" ec="0" bec="0" bev="0" fileid="5" />
                <SequencePoint vc="1" uspid="288" ordinal="3" offset="26" sl="698" sc="0" el="698" ec="0" bec="0" bev="0" fileid="5" />
                <SequencePoint vc="0" uspid="289" ordinal="4" offset="28" sl="701" sc="0" el="701" ec="0" bec="0" bev="0" fileid="5" />
                <SequencePoint vc="1" uspid="290" ordinal="5" offset="39" sl="704" sc="0" el="704" ec="0" bec="0" bev="0" fileid="5" />
              </SequencePoints>
              <BranchPoints>
                <BranchPoint vc="1" uspid="291" ordinal="0" offset="5" sl="693" path="0" offsetend="7" fileid="5" />
                <BranchPoint vc="0" uspid="292" ordinal="1" offset="5" sl="693" path="1" offsetend="39" fileid="5" />
                <BranchPoint vc="1" uspid="293" ordinal="2" offset="17" sl="695" path="0" offsetend="19" fileid="5" />
                <BranchPoint vc="0" uspid="294" ordinal="3" offset="17" sl="695" path="1" offsetend="28" fileid="5" />
              </BranchPoints>
              <MethodPoint xsi:type="SequencePoint" vc="1" uspid="285" ordinal="0" offset="0" sl="693" sc="0" el="693" ec="0" bec="2" bev="1" fileid="5" />
            </Method>
            <Method visited="true" cyclomaticComplexity="6" nPathComplexity="16" sequenceCoverage="100" branchCoverage="55.56" crapScore="6" isConstructor="false" isStatic="true" isGetter="false" isSetter="false">
              <Summary numSequencePoints="6" visitedSequencePoints="6" numBranchPoints="9" visitedBranchPoints="5" sequenceCoverage="100" branchCoverage="55.56" maxCyclomaticComplexity="6" minCyclomaticComplexity="6" maxCrapScore="6" minCrapScore="6" visitedClasses="0" numClasses="0" visitedMethods="1" numMethods="1" />
              <MetadataToken>100663331</MetadataToken>
              <Name>System.Void &lt;Module&gt;::&lt;CrtImplementationDetails&gt;.LanguageSupport.DomainUnload(System.Object,System.EventArgs)</Name>
              <FileRef uid="5" />
[...]
              <Summary numSequencePoints="1" visitedSequencePoints="0" numBranchPoints="1" visitedBranchPoints="0" sequenceCoverage="0" branchCoverage="0" maxCyclomaticComplexity="1" minCyclomaticComplexity="1" maxCrapScore="2" minCrapScore="2" visitedClasses="0" numClasses="0" visitedMethods="0" numMethods="1" />
              <MetadataToken>100663394</MetadataToken>
              <Name>System.Exception &lt;CrtImplementationDetails&gt;.ModuleLoadExceptionHandlerException::get_NestedException()</Name>
              <FileRef uid="3" />
              <SequencePoints>
                <SequencePoint vc="0" uspid="634" ordinal="0" offset="0" sl="160" sc="0" el="160" ec="0" bec="0" bev="0" fileid="3" />
              </SequencePoints>
              <BranchPoints />
              <MethodPoint xsi:type="SequencePoint" vc="0" uspid="634" ordinal="0" offset="0" sl="160" sc="0" el="160" ec="0" bec="0" bev="0" fileid="3" />
            </Method>
            <Method visited="false" cyclomaticComplexity="1" nPathComplexity="0" sequenceCoverage="0" branchCoverage="0" crapScore="2" isConstructor="false" isStatic="false" isGetter="false" isSetter="true">
              <Summary numSequencePoints="1" visitedSequencePoints="0" numBranchPoints="1" visitedBranchPoints="0" sequenceCoverage="0" branchCoverage="0" maxCyclomaticComplexity="1" minCyclomaticComplexity="1" maxCrapScore="2" minCrapScore="2" visitedClasses="0" numClasses="0" visitedMethods="0" numMethods="1" />
              <MetadataToken>100663395</MetadataToken>
              <Name>System.Void &lt;CrtImplementationDetails&gt;.ModuleLoadExceptionHandlerException::set_NestedException(System.Exception)</Name>
              <FileRef uid="3" />
              <SequencePoints>
                <SequencePoint vc="0" uspid="635" ordinal="0" offset="0" sl="160" sc="0" el="160" ec="0" bec="0" bev="0" fileid="3" />
              </SequencePoints>
              <BranchPoints />
              <MethodPoint xsi:type="SequencePoint" vc="0" uspid="635" ordinal="0" offset="0" sl="160" sc="0" el="160" ec="0" bec="0" bev="0" fileid="3" />
            </Method>
            <Method visited="false" cyclomaticComplexity="1" nPathComplexity="0" sequenceCoverage="0" branchCoverage="0" crapScore="2" isConstructor="true" isStatic="false" isGetter="false" isSetter="false">
              <Summary numSequencePoints="3" visitedSequencePoints="0" numBranchPoints="1" visitedBranchPoints="0" sequenceCoverage="0" branchCoverage="0" maxCyclomaticComplexity="1" minCyclomaticComplexity="1" maxCrapScore="2" minCrapScore="2" visitedClasses="0" numClasses="0" visitedMethods="0" numMethods="1" />
              <MetadataToken>100663392</MetadataToken>
              <Name>System.Void &lt;CrtImplementationDetails&gt;.ModuleLoadExceptionHandlerException::.ctor(System.Runtime.Serialization.SerializationInfo,System.Runtime.Serialization.StreamingContext)</Name>
              <FileRef uid="3" />
              <SequencePoints>
                <SequencePoint vc="0" uspid="636" ordinal="0" offset="0" sl="185" sc="0" el="185" ec="0" bec="0" bev="0" fileid="3" />
                <SequencePoint vc="0" uspid="637" ordinal="1" offset="8" sl="187" sc="0" el="187" ec="0" bec="0" bev="0" fileid="3" />
                <SequencePoint vc="0" uspid="638" ordinal="2" offset="44" sl="188" sc="0" el="188" ec="0" bec="0" bev="0" fileid="3" />
              </SequencePoints>
              <BranchPoints />
              <MethodPoint xsi:type="SequencePoint" vc="0" uspid="636" ordinal="0" offset="0" sl="185" sc="0" el="185" ec="0" bec="0" bev="0" fileid="3" />
            </Method>
            <Method visited="false" cyclomaticComplexity="1" nPathComplexity="0" sequenceCoverage="0" branchCoverage="0" crapScore="2" isConstructor="true" isStatic="false" isGetter="false" isSetter="false">
              <Summary numSequencePoints="3" visitedSequencePoints="0" numBranchPoints="1" visitedBranchPoints="0" sequenceCoverage="0" branchCoverage="0" maxCyclomaticComplexity="1" minCyclomaticComplexity="1" maxCrapScore="2" minCrapScore="2" visitedClasses="0" numClasses="0" visitedMethods="0" numMethods="1" />
              <MetadataToken>100663393</MetadataToken>
              <Name>System.Void &lt;CrtImplementationDetails&gt;.ModuleLoadExceptionHandlerException::.ctor(System.String,System.Exception,System.Exception)</Name>
              <FileRef uid="3" />
              <SequencePoints>
                <SequencePoint vc="0" uspid="639" ordinal="0" offset="0" sl="155" sc="0" el="155" ec="0" bec="0" bev="0" fileid="3" />
                <SequencePoint vc="0" uspid="640" ordinal="1" offset="8" sl="157" sc="0" el="157" ec="0" bec="0" bev="0" fileid="3" />
                <SequencePoint vc="0" uspid="641" ordinal="2" offset="15" sl="158" sc="0" el="158" ec="0" bec="0" bev="0" fileid="3" />
              </SequencePoints>
              <BranchPoints />
              <MethodPoint xsi:type="SequencePoint" vc="0" uspid="639" ordinal="0" offset="0" sl="155" sc="0" el="155" ec="0" bec="0" bev="0" fileid="3" />
            </Method>
            <Method visited="false" cyclomaticComplexity="6" nPathComplexity="32" sequenceCoverage="0" branchCoverage="0" crapScore="42" isConstructor="false" isStatic="false" isGetter="false" isSetter="false">
              <Summary numSequencePoints="6" visitedSequencePoints="0" numBranchPoints="11" visitedBranchPoints="0" sequenceCoverage="0" branchCoverage="0" maxCyclomaticComplexity="6" minCyclomaticComplexity="6" maxCrapScore="42" minCrapScore="42" visitedClasses="0" numClasses="0" visitedMethods="0" numMethods="1" />
              <MetadataToken>100663396</MetadataToken>
              <Name>System.String &lt;CrtImplementationDetails&gt;.ModuleLoadExceptionHandlerException::ToString()</Name>
              <FileRef uid="3" />
              <SequencePoints>
                <SequencePoint vc="0" uspid="642" ordinal="0" offset="0" sl="163" sc="0" el="163" ec="0" bec="0" bev="0" fileid="3" />
                <SequencePoint vc="0" uspid="643" ordinal="1" offset="7" sl="164" sc="0" el="164" ec="0" bec="2" bev="0" fileid="3" />
                <SequencePoint vc="0" uspid="644" ordinal="2" offset="34" sl="165" sc="0" el="165" ec="0" bec="2" bev="0" fileid="3" />
                <SequencePoint vc="0" uspid="645" ordinal="3" offset="61" sl="166" sc="0" el="166" ec="0" bec="6" bev="0" fileid="3" />
                <SequencePoint vc="0" uspid="646" ordinal="4" offset="161" sl="173" sc="0" el="173" ec="0" bec="0" bev="0" fileid="3" />
                <SequencePoint vc="0" uspid="647" ordinal="5" offset="165" sl="174" sc="0" el="174" ec="0" bec="0" bev="0" fileid="3" />
              </SequencePoints>
              <BranchPoints>
                <BranchPoint vc="0" uspid="648" ordinal="0" offset="13" sl="164" path="0" offsetend="15" fileid="3" />
                <BranchPoint vc="0" uspid="649" ordinal="1" offset="13" sl="164" path="1" offsetend="28" fileid="3" />
                <BranchPoint vc="0" uspid="650" ordinal="2" offset="40" sl="165" path="0" offsetend="42" fileid="3" />
                <BranchPoint vc="0" uspid="651" ordinal="3" offset="40" sl="165" path="1" offsetend="55" fileid="3" />
                <BranchPoint vc="0" uspid="652" ordinal="4" offset="87" sl="166" path="0" offsetend="89" fileid="3" />
                <BranchPoint vc="0" uspid="653" ordinal="5" offset="87" sl="166" path="1" offsetend="99" fileid="3" />
                <BranchPoint vc="0" uspid="654" ordinal="6" offset="112" sl="166" path="0" offsetend="114" fileid="3" />
                <BranchPoint vc="0" uspid="655" ordinal="7" offset="112" sl="166" path="1" offsetend="119" fileid="3" />
                <BranchPoint vc="0" uspid="656" ordinal="8" offset="132" sl="166" path="0" offsetend="134" fileid="3" />
                <BranchPoint vc="0" uspid="657" ordinal="9" offset="132" sl="166" path="1" offsetend="138" fileid="3" />
              </BranchPoints>
              <MethodPoint xsi:type="SequencePoint" vc="0" uspid="642" ordinal="0" offset="0" sl="163" sc="0" el="163" ec="0" bec="0" bev="0" fileid="3" />
            </Method>
            <Method visited="false" cyclomaticComplexity="1" nPathComplexity="0" sequenceCoverage="0" branchCoverage="0" crapScore="2" isConstructor="false" isStatic="false" isGetter="false" isSetter="false">
              <Summary numSequencePoints="3" visitedSequencePoints="0" numBranchPoints="1" visitedBranchPoints="0" sequenceCoverage="0" branchCoverage="0" maxCyclomaticComplexity="1" minCyclomaticComplexity="1" maxCrapScore="2" minCrapScore="2" visitedClasses="0" numClasses="0" visitedMethods="0" numMethods="1" />
              <MetadataToken>100663397</MetadataToken>
              <Name>System.Void &lt;CrtImplementationDetails&gt;.ModuleLoadExceptionHandlerException::GetObjectData(System.Runtime.Serialization.SerializationInfo,System.Runtime.Serialization.StreamingContext)</Name>
              <FileRef uid="3" />
              <SequencePoints>
                <SequencePoint vc="0" uspid="658" ordinal="0" offset="0" sl="179" sc="0" el="179" ec="0" bec="0" bev="0" fileid="3" />
                <SequencePoint vc="0" uspid="659" ordinal="1" offset="8" sl="180" sc="0" el="180" ec="0" bec="0" bev="0" fileid="3" />
                <SequencePoint vc="0" uspid="660" ordinal="2" offset="41" sl="181" sc="0" el="181" ec="0" bec="0" bev="0" fileid="3" />
              </SequencePoints>
              <BranchPoints />
              <MethodPoint xsi:type="SequencePoint" vc="0" uspid="658" ordinal="0" offset="0" sl="179" sc="0" el="179" ec="0" bec="0" bev="0" fileid="3" />
            </Method>
          </Methods>
        </Class>
        <Class>
          <Summary numSequencePoints="32" visitedSequencePoints="32" numBranchPoints="12" visitedBranchPoints="9" sequenceCoverage="100" branchCoverage="75" maxCyclomaticComplexity="4" minCyclomaticComplexity="1" maxCrapScore="4" minCrapScore="1" visitedClasses="1" numClasses="1" visitedMethods="4" numMethods="4" />
          <FullName>&lt;CrtImplementationDetails&gt;.ModuleUninitializer</FullName>
          <Methods>
            <Method visited="true" cyclomaticComplexity="2" nPathComplexity="2" sequenceCoverage="100" branchCoverage="66.67" crapScore="2" isConstructor="false" isStatic="false" isGetter="false" isSetter="false">
              <Summary numSequencePoints="11" visitedSequencePoints="11" numBranchPoints="3" visitedBranchPoints="2" sequenceCoverage="100" branchCoverage="66.67" maxCyclomaticComplexity="2" minCyclomaticComplexity="2" maxCrapScore="2" minCrapScore="2" visitedClasses="0" numClasses="0" visitedMethods="1" numMethods="1" />
              <MetadataToken>100663398</MetadataToken>
              <Name>System.Void &lt;CrtImplementationDetails&gt;.ModuleUninitializer::AddHandler(System.EventHandler)</Name>
              <FileRef uid="3" />
              <SequencePoints>
                <SequencePoint vc="1" uspid="661" ordinal="0" offset="0" sl="234" sc="0" el="234" ec="0" bec="0" bev="0" fileid="3" />
                <SequencePoint vc="1" uspid="662" ordinal="1" offset="2" sl="235" sc="0" el="235" ec="0" bec="0" bev="0" fileid="3" />
                <SequencePoint vc="1" uspid="663" ordinal="2" offset="7" sl="238" sc="0" el="238" ec="0" bec="0" bev="0" fileid="3" />
                <SequencePoint vc="1" uspid="664" ordinal="3" offset="12" sl="239" sc="0" el="239" ec="0" bec="0" bev="0" fileid="3" />
                <SequencePoint vc="1" uspid="665" ordinal="4" offset="24" sl="241" sc="0" el="241" ec="0" bec="0" bev="0" fileid="3" />
                <SequencePoint vc="1" uspid="666" ordinal="5" offset="30" sl="242" sc="0" el="242" ec="0" bec="0" bev="0" fileid="3" />
                <SequencePoint vc="1" uspid="667" ordinal="6" offset="37" sl="244" sc="0" el="244" ec="0" bec="0" bev="0" fileid="3" />
                <SequencePoint vc="1" uspid="668" ordinal="7" offset="39" sl="247" sc="0" el="247" ec="0" bec="2" bev="1" fileid="3" />
                <SequencePoint vc="1" uspid="669" ordinal="8" offset="42" sl="249" sc="0" el="249" ec="0" bec="0" bev="0" fileid="3" />
                <SequencePoint vc="1" uspid="670" ordinal="9" offset="52" sl="244" sc="0" el="244" ec="0" bec="0" bev="0" fileid="3" />
                <SequencePoint vc="1" uspid="671" ordinal="10" offset="53" sl="253" sc="0" el="253" ec="0" bec="0" bev="0" fileid="3" />
              </SequencePoints>
              <BranchPoints>
                <BranchPoint vc="1" uspid="672" ordinal="0" offset="40" sl="247" path="0" offsetend="42" fileid="3" />
                <BranchPoint vc="0" uspid="673" ordinal="1" offset="40" sl="247" path="1" offsetend="52" fileid="3" />
              </BranchPoints>
              <MethodPoint xsi:type="SequencePoint" vc="1" uspid="661" ordinal="0" offset="0" sl="234" sc="0" el="234" ec="0" bec="0" bev="0" fileid="3" />
            </Method>
            <Method visited="true" cyclomaticComplexity="1" nPathComplexity="0" sequenceCoverage="100" branchCoverage="100" crapScore="1" isConstructor="true" isStatic="true" isGetter="false" isSetter="false">
              <Summary numSequencePoints="3" visitedSequencePoints="3" numBranchPoints="1" visitedBranchPoints="1" sequenceCoverage="100" branchCoverage="100" maxCyclomaticComplexity="1" minCyclomaticComplexity="1" maxCrapScore="1" minCrapScore="1" visitedClasses="0" numClasses="0" visitedMethods="1" numMethods="1" />
              <MetadataToken>100663399</MetadataToken>
              <Name>System.Void &lt;CrtImplementationDetails&gt;.ModuleUninitializer::.cctor()</Name>
              <FileRef uid="3" />
              <SequencePoints>
                <SequencePoint vc="1" uspid="674" ordinal="0" offset="0" sl="222" sc="0" el="222" ec="0" bec="0" bev="0" fileid="3" />
                <SequencePoint vc="1" uspid="675" ordinal="1" offset="10" sl="227" sc="0" el="227" ec="0" bec="0" bev="0" fileid="3" />
                <SequencePoint vc="1" uspid="676" ordinal="2" offset="20" sl="257" sc="0" el="257" ec="0" bec="0" bev="0" fileid="3" />
              </SequencePoints>
              <BranchPoints />
              <MethodPoint xsi:type="SequencePoint" vc="1" uspid="674" ordinal="0" offset="0" sl="222" sc="0" el="222" ec="0" bec="0" bev="0" fileid="3" />
            </Method>
            <Method visited="true" cyclomaticComplexity="1" nPathComplexity="0" sequenceCoverage="100" branchCoverage="100" crapScore="1" isConstructor="true" isStatic="false" isGetter="false" isSetter="false">
              <Summary numSequencePoints="5" visitedSequencePoints="5" numBranchPoints="1" visitedBranchPoints="1" sequenceCoverage="100" branchCoverage="100" maxCyclomaticComplexity="1" minCyclomaticComplexity="1" maxCrapScore="1" minCrapScore="1" visitedClasses="0" numClasses="0" visitedMethods="1" numMethods="1" />
              <MetadataToken>100663400</MetadataToken>
              <Name>System.Void &lt;CrtImplementationDetails&gt;.ModuleUninitializer::.ctor()</Name>
              <FileRef uid="3" />
              <SequencePoints>
                <SequencePoint vc="1" uspid="677" ordinal="0" offset="0" sl="260" sc="0" el="260" ec="0" bec="0" bev="0" fileid="3" />
                <SequencePoint vc="1" uspid="678" ordinal="1" offset="8" sl="265" sc="0" el="265" ec="0" bec="0" bev="0" fileid="3" />
                <SequencePoint vc="1" uspid="679" ordinal="2" offset="21" sl="266" sc="0" el="266" ec="0" bec="0" bev="0" fileid="3" />
                <SequencePoint vc="1" uspid="680" ordinal="3" offset="32" sl="267" sc="0" el="267" ec="0" bec="0" bev="0" fileid="3" />
                <SequencePoint vc="1" uspid="681" ordinal="4" offset="43" sl="268" sc="0" el="268" ec="0" bec="0" bev="0" fileid="3" />
              </SequencePoints>
              <BranchPoints />
              <MethodPoint xsi:type="SequencePoint" vc="1" uspid="677" ordinal="0" offset="0" sl="260" sc="0" el="260" ec="0" bec="0" bev="0" fileid="3" />
            </Method>
            <Method visited="true" cyclomaticComplexity="4" nPathComplexity="8" sequenceCoverage="100" branchCoverage="71.43" crapScore="4" isConstructor="false" isStatic="false" isGetter="false" isSetter="false">
              <Summary numSequencePoints="13" visitedSequencePoints="13" numBranchPoints="7" visitedBranchPoints="5" sequenceCoverage="100" branchCoverage="71.43" maxCyclomaticComplexity="4" minCyclomaticComplexity="4" maxCrapScore="4" minCrapScore="4" visitedClasses="0" numClasses="0" visitedMethods="1" numMethods="1" />
              <MetadataToken>100663401</MetadataToken>
              <Name>System.Void &lt;CrtImplementationDetails&gt;.ModuleUninitializer::SingletonDomainUnload(System.Object,System.EventArgs)</Name>
              <FileRef uid="3" />
              <SequencePoints>
                <SequencePoint vc="1" uspid="682" ordinal="0" offset="0" sl="273" sc="0" el="273" ec="0" bec="0" bev="0" fileid="3" />
                <SequencePoint vc="1" uspid="683" ordinal="1" offset="4" sl="275" sc="0" el="275" ec="0" bec="0" bev="0" fileid="3" />
                <SequencePoint vc="1" uspid="684" ordinal="2" offset="7" sl="276" sc="0" el="276" ec="0" bec="0" bev="0" fileid="3" />
                <SequencePoint vc="1" uspid="685" ordinal="3" offset="12" sl="279" sc="0" el="279" ec="0" bec="0" bev="0" fileid="3" />
                <SequencePoint vc="1" uspid="686" ordinal="4" offset="17" sl="280" sc="0" el="280" ec="0" bec="0" bev="0" fileid="3" />
                <SequencePoint vc="1" uspid="687" ordinal="5" offset="29" sl="283" sc="0" el="283" ec="0" bec="2" bev="2" fileid="3" />
                <SequencePoint vc="1" uspid="688" ordinal="6" offset="56" sl="285" sc="0" el="285" ec="0" bec="0" bev="0" fileid="3" />
                <SequencePoint vc="1" uspid="689" ordinal="7" offset="64" sl="286" sc="0" el="286" ec="0" bec="2" bev="1" fileid="3" />
                <SequencePoint vc="1" uspid="690" ordinal="8" offset="91" sl="288" sc="0" el="288" ec="0" bec="0" bev="0" fileid="3" />
                <SequencePoint vc="1" uspid="691" ordinal="9" offset="93" sl="291" sc="0" el="291" ec="0" bec="2" bev="1" fileid="3" />
                <SequencePoint vc="1" uspid="692" ordinal="10" offset="97" sl="293" sc="0" el="293" ec="0" bec="0" bev="0" fileid="3" />
                <SequencePoint vc="1" uspid="693" ordinal="11" offset="107" sl="288" sc="0" el="288" ec="0" bec="0" bev="0" fileid="3" />
                <SequencePoint vc="1" uspid="694" ordinal="12" offset="108" sl="297" sc="0" el="297" ec="0" bec="0" bev="0" fileid="3" />
              </SequencePoints>
              <BranchPoints>
                <BranchPoint vc="1" uspid="695" ordinal="0" offset="42" sl="283" path="0" offsetend="44" fileid="3" />
                <BranchPoint vc="1" uspid="696" ordinal="1" offset="42" sl="283" path="1" offsetend="66" fileid="3" />
                <BranchPoint vc="0" uspid="697" ordinal="2" offset="76" sl="286" path="0" offsetend="78" fileid="3" />
                <BranchPoint vc="1" uspid="698" ordinal="3" offset="76" sl="286" path="1" offsetend="88" fileid="3" />
                <BranchPoint vc="1" uspid="699" ordinal="4" offset="95" sl="291" path="0" offsetend="97" fileid="3" />
                <BranchPoint vc="0" uspid="700" ordinal="5" offset="95" sl="291" path="1" offsetend="107" fileid="3" />
              </BranchPoints>
              <MethodPoint xsi:type="SequencePoint" vc="1" uspid="682" ordinal="0" offset="0" sl="273" sc="0" el="273" ec="0" bec="0" bev="0" fileid="3" />
            </Method>
          </Methods>
        </Class>
      </Classes>
    </Module>
    <Module skippedDueTo="Filter" hash="F6-6A-78-0B-7A-C2-5D-35-8E-C7-1F-87-98-14-45-7C-F1-AC-A4-89">
      <ModulePath>C:\WINDOWS\Microsoft.Net\assembly\GAC_MSIL\System\v4.0_4.0.0.0__b77a5c561934e089\System.dll</ModulePath>
      <ModuleTime>2021-04-08T04:26:00.6371167Z</ModuleTime>
      <ModuleName>System</ModuleName>
      <Classes />
    </Module>
  </Modules>
</CoverageSession>