<?xml version="1.0" encoding="utf-8"?>
<CoverageSession>
  <Summary numBranchPoints="36" visitedBranchPoints="14" numSequencePoints="19" visitedSequencePoints="11" maxCyclomaticComplexity="10" visitedMethods="7" visitedClasses="4" branchCoverage="38.89" sequenceCoverage="57.89" minCrapScore="1" maxCrapScore="12.41" />
  <Modules>
    <Module hash="Sample4.dll">
      <Summary numBranchPoints="36" visitedBranchPoints="14" numSequencePoints="19" visitedSequencePoints="11" visitedMethods="7" visitedClasses="4" branchCoverage="38.89" sequenceCoverage="57.89" minCrapScore="1" maxCrapScore="12.41" />
      <ModulePath>Sample4.dll</ModulePath>
      <ModuleName>Sample4</ModuleName>
      <Files>
        <File uid="1" fullPath="C:\Users\steve\source\repos\ClassLibrary1\Sample4\Program.fs" />
        <File uid="2" fullPath="C:\Users\steve\source\repos\ClassLibrary1\Sample4\Tests.fs" />
      </Files>
      <Classes>
        <Class>
          <Summary numBranchPoints="1" visitedBranchPoints="0" numSequencePoints="1" visitedSequencePoints="0" visitedMethods="0" visitedClasses="0" branchCoverage="0" sequenceCoverage="0" minCrapScore="2" maxCrapScore="2" />
          <FullName>Program/Program</FullName>
          <Methods>
            <Method visited="false" cyclomaticComplexity="1" sequenceCoverage="0" branchCoverage="0" isConstructor="false" isStatic="false" isGetter="false" isSetter="false" crapScore="2">
              <Summary numBranchPoints="1" visitedBranchPoints="0" numSequencePoints="1" visitedSequencePoints="0" visitedMethods="0" branchCoverage="0" sequenceCoverage="0" minCrapScore="2" maxCrapScore="2" />
              <MetadataToken>0</MetadataToken>
              <Name>System.Int32 Program/Program::main(System.String[])</Name>
              <FileRef uid="1" />
              <SequencePoints>
                <SequencePoint vc="0" offset="0" sl="1" sc="1" el="1" ec="2" uspid="0" bec="0" bev="0" fileid="1" />
              </SequencePoints>
              <BranchPoints />
              <MethodPoint vc="0" p8:type="SequencePoint" offset="0" sl="1" sc="1" el="1" ec="2" uspid="0" bec="0" bev="0" fileid="1" xmlns:p8="http://www.w3.org/2001/XMLSchema-instance" />
            </Method>
          </Methods>
        </Class>
        <Class>
          <Summary numBranchPoints="15" visitedBranchPoints="7" numSequencePoints="5" visitedSequencePoints="5" visitedMethods="3" visitedClasses="1" branchCoverage="46.67" sequenceCoverage="100" minCrapScore="1" maxCrapScore="10" />
          <FullName>Tests.DU</FullName>
          <Methods>
            <Method visited="true" cyclomaticComplexity="1" sequenceCoverage="100" branchCoverage="0" isConstructor="false" isStatic="false" isGetter="false" isSetter="false" crapScore="1">
              <Summary numBranchPoints="1" visitedBranchPoints="0" numSequencePoints="1" visitedSequencePoints="1" visitedMethods="1" branchCoverage="0" sequenceCoverage="100" minCrapScore="1" maxCrapScore="1" />
              <MetadataToken>0</MetadataToken>
              <Name>Tests.DU/MyUnion Tests.DU::returnFoo(System.Int32)</Name>
              <FileRef uid="2" />
              <SequencePoints>
                <SequencePoint vc="1" offset="0" sl="49" sc="1" el="49" ec="2" uspid="0" bec="0" bev="0" fileid="2" />
              </SequencePoints>
              <BranchPoints />
              <MethodPoint vc="1" p8:type="SequencePoint" offset="0" sl="49" sc="1" el="49" ec="2" uspid="0" bec="0" bev="0" fileid="2" xmlns:p8="http://www.w3.org/2001/XMLSchema-instance" />
            </Method>
            <Method visited="true" cyclomaticComplexity="1" sequenceCoverage="100" branchCoverage="0" isConstructor="false" isStatic="false" isGetter="false" isSetter="false" crapScore="1">
              <Summary numBranchPoints="1" visitedBranchPoints="0" numSequencePoints="1" visitedSequencePoints="1" visitedMethods="1" branchCoverage="0" sequenceCoverage="100" minCrapScore="1" maxCrapScore="1" />
              <MetadataToken>0</MetadataToken>
              <Name>Tests.DU/MyUnion Tests.DU::returnBar(System.String)</Name>
              <FileRef uid="2" />
              <SequencePoints>
                <SequencePoint vc="1" offset="0" sl="50" sc="1" el="50" ec="2" uspid="0" bec="0" bev="0" fileid="2" />
              </SequencePoints>
              <BranchPoints />
              <MethodPoint vc="1" p8:type="SequencePoint" offset="0" sl="50" sc="1" el="50" ec="2" uspid="0" bec="0" bev="0" fileid="2" xmlns:p8="http://www.w3.org/2001/XMLSchema-instance" />
            </Method>
            <Method visited="true" cyclomaticComplexity="10" sequenceCoverage="100" branchCoverage="53.85" isConstructor="false" isStatic="false" isGetter="false" isSetter="false" crapScore="10">
              <Summary numBranchPoints="13" visitedBranchPoints="7" numSequencePoints="3" visitedSequencePoints="3" visitedMethods="1" branchCoverage="53.85" sequenceCoverage="100" minCrapScore="10" maxCrapScore="10" />
              <MetadataToken>0</MetadataToken>
              <Name>System.Void Tests.DU::testMakeUnion()</Name>
              <FileRef uid="2" />
              <SequencePoints>
                <SequencePoint vc="1" offset="0" sl="54" sc="1" el="54" ec="2" uspid="0" bec="4" bev="2" fileid="2" />
                <SequencePoint vc="1" offset="1" sl="55" sc="1" el="55" ec="2" uspid="1" bec="4" bev="2" fileid="2" />
                <SequencePoint vc="1" offset="2" sl="56" sc="1" el="56" ec="2" uspid="2" bec="4" bev="2" fileid="2" />
              </SequencePoints>
              <BranchPoints>
                <BranchPoint vc="1" sl="54" uspid="0" ordinal="0" offset="201" path="0" fileid="2" />
                <BranchPoint vc="0" sl="54" uspid="0" ordinal="1" offset="201" path="1" fileid="2" />
                <BranchPoint vc="1" sl="54" uspid="0" ordinal="2" offset="209" path="0" fileid="2" />
                <BranchPoint vc="0" sl="54" uspid="0" ordinal="3" offset="209" path="1" fileid="2" />
                <BranchPoint vc="1" sl="55" uspid="0" ordinal="4" offset="466" path="0" fileid="2" />
                <BranchPoint vc="0" sl="55" uspid="0" ordinal="5" offset="466" path="1" fileid="2" />
                <BranchPoint vc="1" sl="55" uspid="0" ordinal="6" offset="475" path="0" fileid="2" />
                <BranchPoint vc="0" sl="55" uspid="0" ordinal="7" offset="475" path="1" fileid="2" />
                <BranchPoint vc="1" sl="56" uspid="0" ordinal="8" offset="716" path="0" fileid="2" />
                <BranchPoint vc="0" sl="56" uspid="0" ordinal="9" offset="716" path="1" fileid="2" />
                <BranchPoint vc="1" sl="56" uspid="0" ordinal="10" offset="725" path="0" fileid="2" />
                <BranchPoint vc="0" sl="56" uspid="0" ordinal="11" offset="725" path="1" fileid="2" />
              </BranchPoints>
              <MethodPoint vc="1" p8:type="SequencePoint" offset="0" sl="54" sc="1" el="54" ec="2" uspid="0" bec="4" bev="2" fileid="2" xmlns:p8="http://www.w3.org/2001/XMLSchema-instance" />
            </Method>
          </Methods>
        </Class>
        <Class>
          <Summary numBranchPoints="7" visitedBranchPoints="2" numSequencePoints="7" visitedSequencePoints="2" visitedMethods="1" visitedClasses="1" branchCoverage="28.57" sequenceCoverage="28.57" minCrapScore="2" maxCrapScore="12.41" />
          <FullName>Tests.DU/MyUnion</FullName>
          <Methods>
            <Method visited="true" cyclomaticComplexity="5" sequenceCoverage="33.33" branchCoverage="33.33" isConstructor="false" isStatic="false" isGetter="false" isSetter="false" crapScore="12.41">
              <Summary numBranchPoints="6" visitedBranchPoints="2" numSequencePoints="6" visitedSequencePoints="2" visitedMethods="1" branchCoverage="33.33" sequenceCoverage="33.33" minCrapScore="12.41" maxCrapScore="12.41" />
              <MetadataToken>0</MetadataToken>
              <Name>Tests.DU/MyUnion Tests.DU/MyUnion::as_bar()</Name>
              <FileRef uid="2" />
              <SequencePoints>
                <SequencePoint vc="1" offset="0" sl="36" sc="1" el="36" ec="2" uspid="0" bec="5" bev="1" fileid="2" />
                <SequencePoint vc="1" offset="1" sl="37" sc="1" el="37" ec="2" uspid="1" bec="0" bev="0" fileid="2" />
                <SequencePoint vc="0" offset="2" sl="38" sc="1" el="38" ec="2" uspid="2" bec="0" bev="0" fileid="2" />
                <SequencePoint vc="0" offset="3" sl="39" sc="1" el="39" ec="2" uspid="3" bec="0" bev="0" fileid="2" />
                <SequencePoint vc="0" offset="4" sl="41" sc="1" el="41" ec="2" uspid="4" bec="0" bev="0" fileid="2" />
                <SequencePoint vc="0" offset="5" sl="42" sc="1" el="42" ec="2" uspid="5" bec="0" bev="0" fileid="2" />
              </SequencePoints>
              <BranchPoints>
                <BranchPoint vc="0" sl="36" uspid="0" ordinal="0" offset="8" path="0" fileid="2" />
                <BranchPoint vc="1" sl="36" uspid="0" ordinal="1" offset="8" path="1" fileid="2" />
                <BranchPoint vc="0" sl="36" uspid="0" ordinal="2" offset="8" path="2" fileid="2" />
                <BranchPoint vc="0" sl="36" uspid="0" ordinal="3" offset="8" path="3" fileid="2" />
                <BranchPoint vc="0" sl="36" uspid="0" ordinal="4" offset="8" path="4" fileid="2" />
              </BranchPoints>
              <MethodPoint vc="1" p8:type="SequencePoint" offset="0" sl="36" sc="1" el="36" ec="2" uspid="0" bec="5" bev="1" fileid="2" xmlns:p8="http://www.w3.org/2001/XMLSchema-instance" />
            </Method>
            <Method visited="false" cyclomaticComplexity="1" sequenceCoverage="0" branchCoverage="0" isConstructor="false" isStatic="false" isGetter="false" isSetter="false" crapScore="2">
              <Summary numBranchPoints="1" visitedBranchPoints="0" numSequencePoints="1" visitedSequencePoints="0" visitedMethods="0" branchCoverage="0" sequenceCoverage="0" minCrapScore="2" maxCrapScore="2" />
              <MetadataToken>0</MetadataToken>
              <Name>Microsoft.FSharp.Core.FSharpFunc`2&lt;Microsoft.FSharp.Core.Unit,Tests.DU/MyUnion&gt; Tests.DU/MyUnion::get_MyBar()</Name>
              <FileRef uid="2" />
              <SequencePoints>
                <SequencePoint vc="0" offset="0" sl="44" sc="1" el="44" ec="2" uspid="0" bec="0" bev="0" fileid="2" />
              </SequencePoints>
              <BranchPoints />
              <MethodPoint vc="0" p8:type="SequencePoint" offset="0" sl="44" sc="1" el="44" ec="2" uspid="0" bec="0" bev="0" fileid="2" xmlns:p8="http://www.w3.org/2001/XMLSchema-instance" />
            </Method>
          </Methods>
        </Class>
        <Class>
          <Summary numBranchPoints="2" visitedBranchPoints="0" numSequencePoints="2" visitedSequencePoints="0" visitedMethods="0" visitedClasses="0" branchCoverage="0" sequenceCoverage="0" minCrapScore="2" maxCrapScore="2" />
          <FullName>Tests.DU/MyClass</FullName>
          <Methods>
            <Method visited="false" cyclomaticComplexity="1" sequenceCoverage="0" branchCoverage="0" isConstructor="false" isStatic="false" isGetter="false" isSetter="false" crapScore="2">
              <Summary numBranchPoints="1" visitedBranchPoints="0" numSequencePoints="1" visitedSequencePoints="0" visitedMethods="0" branchCoverage="0" sequenceCoverage="0" minCrapScore="2" maxCrapScore="2" />
              <MetadataToken>0</MetadataToken>
              <Name>System.Int32 Tests.DU/MyClass::get_Property()</Name>
              <FileRef uid="2" />
              <SequencePoints>
                <SequencePoint vc="0" offset="0" sl="47" sc="1" el="47" ec="2" uspid="0" bec="0" bev="0" fileid="2" />
              </SequencePoints>
              <BranchPoints />
              <MethodPoint vc="0" p8:type="SequencePoint" offset="0" sl="47" sc="1" el="47" ec="2" uspid="0" bec="0" bev="0" fileid="2" xmlns:p8="http://www.w3.org/2001/XMLSchema-instance" />
            </Method>
            <Method visited="false" cyclomaticComplexity="1" sequenceCoverage="0" branchCoverage="0" isConstructor="false" isStatic="false" isGetter="false" isSetter="false" crapScore="2">
              <Summary numBranchPoints="1" visitedBranchPoints="0" numSequencePoints="1" visitedSequencePoints="0" visitedMethods="0" branchCoverage="0" sequenceCoverage="0" minCrapScore="2" maxCrapScore="2" />
              <MetadataToken>0</MetadataToken>
              <Name>System.Void Tests.DU/MyClass::.ctor()</Name>
              <FileRef uid="2" />
              <SequencePoints>
                <SequencePoint vc="0" offset="0" sl="46" sc="1" el="46" ec="2" uspid="0" bec="0" bev="0" fileid="2" />
              </SequencePoints>
              <BranchPoints />
              <MethodPoint vc="0" p8:type="SequencePoint" offset="0" sl="46" sc="1" el="46" ec="2" uspid="0" bec="0" bev="0" fileid="2" xmlns:p8="http://www.w3.org/2001/XMLSchema-instance" />
            </Method>
          </Methods>
        </Class>
        <Class>
          <Summary numBranchPoints="10" visitedBranchPoints="5" numSequencePoints="3" visitedSequencePoints="3" visitedMethods="2" visitedClasses="1" branchCoverage="50" sequenceCoverage="100" minCrapScore="1" maxCrapScore="7" />
          <FullName>Tests.M</FullName>
          <Methods>
            <Method visited="true" cyclomaticComplexity="1" sequenceCoverage="100" branchCoverage="0" isConstructor="false" isStatic="false" isGetter="false" isSetter="false" crapScore="1">
              <Summary numBranchPoints="1" visitedBranchPoints="0" numSequencePoints="1" visitedSequencePoints="1" visitedMethods="1" branchCoverage="0" sequenceCoverage="100" minCrapScore="1" maxCrapScore="1" />
              <MetadataToken>0</MetadataToken>
              <Name>Tests.M/Thing Tests.M::makeThing(System.String)</Name>
              <FileRef uid="2" />
              <SequencePoints>
                <SequencePoint vc="2" offset="0" sl="20" sc="1" el="20" ec="2" uspid="0" bec="0" bev="0" fileid="2" />
              </SequencePoints>
              <BranchPoints />
              <MethodPoint vc="2" p8:type="SequencePoint" offset="0" sl="20" sc="1" el="20" ec="2" uspid="0" bec="0" bev="0" fileid="2" xmlns:p8="http://www.w3.org/2001/XMLSchema-instance" />
            </Method>
            <Method visited="true" cyclomaticComplexity="7" sequenceCoverage="100" branchCoverage="55.56" isConstructor="false" isStatic="false" isGetter="false" isSetter="false" crapScore="7">
              <Summary numBranchPoints="9" visitedBranchPoints="5" numSequencePoints="2" visitedSequencePoints="2" visitedMethods="1" branchCoverage="55.56" sequenceCoverage="100" minCrapScore="7" maxCrapScore="7" />
              <MetadataToken>0</MetadataToken>
              <Name>System.Void Tests.M::testMakeThing()</Name>
              <FileRef uid="2" />
              <SequencePoints>
                <SequencePoint vc="1" offset="0" sl="24" sc="1" el="24" ec="2" uspid="0" bec="4" bev="2" fileid="2" />
                <SequencePoint vc="1" offset="1" sl="25" sc="1" el="25" ec="2" uspid="1" bec="4" bev="2" fileid="2" />
              </SequencePoints>
              <BranchPoints>
                <BranchPoint vc="1" sl="24" uspid="0" ordinal="0" offset="201" path="0" fileid="2" />
                <BranchPoint vc="0" sl="24" uspid="0" ordinal="1" offset="201" path="1" fileid="2" />
                <BranchPoint vc="1" sl="24" uspid="0" ordinal="2" offset="209" path="0" fileid="2" />
                <BranchPoint vc="0" sl="24" uspid="0" ordinal="3" offset="209" path="1" fileid="2" />
                <BranchPoint vc="1" sl="25" uspid="0" ordinal="4" offset="519" path="0" fileid="2" />
                <BranchPoint vc="0" sl="25" uspid="0" ordinal="5" offset="519" path="1" fileid="2" />
                <BranchPoint vc="1" sl="25" uspid="0" ordinal="6" offset="528" path="0" fileid="2" />
                <BranchPoint vc="0" sl="25" uspid="0" ordinal="7" offset="528" path="1" fileid="2" />
              </BranchPoints>
              <MethodPoint vc="1" p8:type="SequencePoint" offset="0" sl="24" sc="1" el="24" ec="2" uspid="0" bec="4" bev="2" fileid="2" xmlns:p8="http://www.w3.org/2001/XMLSchema-instance" />
            </Method>
          </Methods>
        </Class>
        <Class>
          <Summary numBranchPoints="1" visitedBranchPoints="0" numSequencePoints="1" visitedSequencePoints="1" visitedMethods="1" visitedClasses="1" branchCoverage="0" sequenceCoverage="100" minCrapScore="1" maxCrapScore="1" />
          <FullName>Tests.M/Thing</FullName>
          <Methods>
            <Method visited="true" cyclomaticComplexity="1" sequenceCoverage="100" branchCoverage="0" isConstructor="false" isStatic="false" isGetter="false" isSetter="false" crapScore="1">
              <Summary numBranchPoints="1" visitedBranchPoints="0" numSequencePoints="1" visitedSequencePoints="1" visitedMethods="1" branchCoverage="0" sequenceCoverage="100" minCrapScore="1" maxCrapScore="1" />
              <MetadataToken>0</MetadataToken>
              <Name>System.Byte[] Tests.M/Thing::bytes()</Name>
              <FileRef uid="2" />
              <SequencePoints>
                <SequencePoint vc="1" offset="0" sl="18" sc="1" el="18" ec="2" uspid="0" bec="0" bev="0" fileid="2" />
              </SequencePoints>
              <BranchPoints />
              <MethodPoint vc="1" p8:type="SequencePoint" offset="0" sl="18" sc="1" el="18" ec="2" uspid="0" bec="0" bev="0" fileid="2" xmlns:p8="http://www.w3.org/2001/XMLSchema-instance" />
            </Method>
          </Methods>
        </Class>
      </Classes>
    </Module>
  </Modules>
</CoverageSession>